<?xml version="1.0" encoding="UTF-8"?>
<coverage generated="1779128258632" clover="3.2.0">
  <project timestamp="1779128258632" name="All files">
    <metrics statements="208" coveredstatements="137" conditionals="92" coveredconditionals="43" methods="56" coveredmethods="37" elements="356" coveredelements="217" complexity="0" loc="208" ncloc="208" packages="23" files="33" classes="33"/>
    <package name="app.layout">
      <metrics statements="2" coveredstatements="0" conditionals="0" coveredconditionals="0" methods="1" coveredmethods="0"/>
      <file name="index.tsx" path="C:\Users\andre\vscode\Study\React2026Q2\rs-react-app\src\app\layout\index.tsx">
        <metrics statements="2" coveredstatements="0" conditionals="0" coveredconditionals="0" methods="1" coveredmethods="0"/>
        <line num="4" count="0" type="stmt"/>
        <line num="5" count="0" type="stmt"/>
      </file>
    </package>
    <package name="app.providers">
      <metrics statements="0" coveredstatements="0" conditionals="0" coveredconditionals="0" methods="0" coveredmethods="0"/>
      <file name="index.ts" path="C:\Users\andre\vscode\Study\React2026Q2\rs-react-app\src\app\providers\index.ts">
        <metrics statements="0" coveredstatements="0" conditionals="0" coveredconditionals="0" methods="0" coveredmethods="0"/>
      </file>
    </package>
    <package name="app.providers.error-boundary">
      <metrics statements="12" coveredstatements="10" conditionals="4" coveredconditionals="4" methods="6" coveredmethods="5"/>
      <file name="error-fallback.tsx" path="C:\Users\andre\vscode\Study\React2026Q2\rs-react-app\src\app\providers\error-boundary\error-fallback.tsx">
        <metrics statements="2" coveredstatements="2" conditionals="2" coveredconditionals="2" methods="1" coveredmethods="1"/>
        <line num="6" count="3" type="stmt"/>
        <line num="7" count="5" type="stmt"/>
      </file>
      <file name="index.tsx" path="C:\Users\andre\vscode\Study\React2026Q2\rs-react-app\src\app\providers\error-boundary\index.tsx">
        <metrics statements="10" coveredstatements="8" conditionals="2" coveredconditionals="2" methods="5" coveredmethods="4"/>
        <line num="18" count="2" type="stmt"/>
        <line num="19" count="2" type="stmt"/>
        <line num="26" count="1" type="stmt"/>
        <line num="33" count="1" type="stmt"/>
        <line num="36" count="0" type="stmt"/>
        <line num="37" count="0" type="stmt"/>
        <line num="44" count="2" type="stmt"/>
        <line num="46" count="2" type="cond" truecount="2" falsecount="0"/>
        <line num="47" count="1" type="stmt"/>
        <line num="52" count="1" type="stmt"/>
      </file>
    </package>
    <package name="app.router">
      <metrics statements="1" coveredstatements="0" conditionals="0" coveredconditionals="0" methods="0" coveredmethods="0"/>
      <file name="index.tsx" path="C:\Users\andre\vscode\Study\React2026Q2\rs-react-app\src\app\router\index.tsx">
        <metrics statements="1" coveredstatements="0" conditionals="0" coveredconditionals="0" methods="0" coveredmethods="0"/>
        <line num="7" count="0" type="stmt"/>
      </file>
    </package>
    <package name="app.ui">
      <metrics statements="0" coveredstatements="0" conditionals="0" coveredconditionals="0" methods="0" coveredmethods="0"/>
      <file name="index.ts" path="C:\Users\andre\vscode\Study\React2026Q2\rs-react-app\src\app\ui\index.ts">
        <metrics statements="0" coveredstatements="0" conditionals="0" coveredconditionals="0" methods="0" coveredmethods="0"/>
      </file>
    </package>
    <package name="app.ui.footer">
      <metrics statements="2" coveredstatements="2" conditionals="0" coveredconditionals="0" methods="1" coveredmethods="1"/>
      <file name="index.tsx" path="C:\Users\andre\vscode\Study\React2026Q2\rs-react-app\src\app\ui\footer\index.tsx">
        <metrics statements="2" coveredstatements="2" conditionals="0" coveredconditionals="0" methods="1" coveredmethods="1"/>
        <line num="3" count="1" type="stmt"/>
        <line num="4" count="1" type="stmt"/>
      </file>
    </package>
    <package name="app.ui.header">
      <metrics statements="2" coveredstatements="2" conditionals="0" coveredconditionals="0" methods="1" coveredmethods="1"/>
      <file name="index.tsx" path="C:\Users\andre\vscode\Study\React2026Q2\rs-react-app\src\app\ui\header\index.tsx">
        <metrics statements="2" coveredstatements="2" conditionals="0" coveredconditionals="0" methods="1" coveredmethods="1"/>
        <line num="3" count="1" type="stmt"/>
        <line num="4" count="1" type="stmt"/>
      </file>
    </package>
    <package name="app.ui.header.ui">
      <metrics statements="4" coveredstatements="4" conditionals="2" coveredconditionals="2" methods="2" coveredmethods="2"/>
      <file name="nav-links.tsx" path="C:\Users\andre\vscode\Study\React2026Q2\rs-react-app\src\app\ui\header\ui\nav-links.tsx">
        <metrics statements="4" coveredstatements="4" conditionals="2" coveredconditionals="2" methods="2" coveredmethods="2"/>
        <line num="4" count="1" type="stmt"/>
        <line num="5" count="1" type="stmt"/>
        <line num="6" count="2" type="cond" truecount="2" falsecount="0"/>
        <line num="7" count="1" type="stmt"/>
      </file>
    </package>
    <package name="pages">
      <metrics statements="0" coveredstatements="0" conditionals="0" coveredconditionals="0" methods="0" coveredmethods="0"/>
      <file name="index.ts" path="C:\Users\andre\vscode\Study\React2026Q2\rs-react-app\src\pages\index.ts">
        <metrics statements="0" coveredstatements="0" conditionals="0" coveredconditionals="0" methods="0" coveredmethods="0"/>
      </file>
    </package>
    <package name="pages.about">
      <metrics statements="2" coveredstatements="0" conditionals="0" coveredconditionals="0" methods="1" coveredmethods="0"/>
      <file name="index.tsx" path="C:\Users\andre\vscode\Study\React2026Q2\rs-react-app\src\pages\about\index.tsx">
        <metrics statements="2" coveredstatements="0" conditionals="0" coveredconditionals="0" methods="1" coveredmethods="0"/>
        <line num="1" count="0" type="stmt"/>
        <line num="2" count="0" type="stmt"/>
      </file>
    </package>
    <package name="pages.dashboard">
      <metrics statements="5" coveredstatements="5" conditionals="20" coveredconditionals="9" methods="2" coveredmethods="2"/>
      <file name="index.tsx" path="C:\Users\andre\vscode\Study\React2026Q2\rs-react-app\src\pages\dashboard\index.tsx">
        <metrics statements="5" coveredstatements="5" conditionals="20" coveredconditionals="9" methods="2" coveredmethods="2"/>
        <line num="11" count="1" type="stmt"/>
        <line num="21" count="33" type="stmt"/>
        <line num="31" count="33" type="stmt"/>
        <line num="34" count="33" type="stmt"/>
        <line num="50" count="43" type="stmt"/>
      </file>
    </package>
    <package name="pages.dashboard.hooks">
      <metrics statements="83" coveredstatements="61" conditionals="12" coveredconditionals="7" methods="11" coveredmethods="8"/>
      <file name="use-data-details.ts" path="C:\Users\andre\vscode\Study\React2026Q2\rs-react-app\src\pages\dashboard\hooks\use-data-details.ts">
        <metrics statements="30" coveredstatements="10" conditionals="2" coveredconditionals="0" methods="4" coveredmethods="1"/>
        <line num="16" count="1" type="stmt"/>
        <line num="17" count="33" type="stmt"/>
        <line num="18" count="33" type="stmt"/>
        <line num="19" count="33" type="stmt"/>
        <line num="20" count="33" type="stmt"/>
        <line num="21" count="33" type="stmt"/>
        <line num="23" count="33" type="stmt"/>
        <line num="24" count="0" type="stmt"/>
        <line num="25" count="0" type="stmt"/>
        <line num="26" count="0" type="stmt"/>
        <line num="28" count="0" type="stmt"/>
        <line num="29" count="0" type="stmt"/>
        <line num="30" count="0" type="stmt"/>
        <line num="31" count="0" type="stmt"/>
        <line num="32" count="0" type="stmt"/>
        <line num="33" count="0" type="stmt"/>
        <line num="35" count="0" type="cond" truecount="0" falsecount="2"/>
        <line num="36" count="0" type="stmt"/>
        <line num="38" count="0" type="stmt"/>
        <line num="42" count="33" type="stmt"/>
        <line num="43" count="0" type="stmt"/>
        <line num="44" count="0" type="stmt"/>
        <line num="45" count="0" type="stmt"/>
        <line num="46" count="0" type="stmt"/>
        <line num="47" count="0" type="stmt"/>
        <line num="48" count="0" type="stmt"/>
        <line num="51" count="33" type="stmt"/>
        <line num="52" count="0" type="stmt"/>
        <line num="53" count="0" type="stmt"/>
        <line num="56" count="33" type="stmt"/>
      </file>
      <file name="use-data-loading.ts" path="C:\Users\andre\vscode\Study\React2026Q2\rs-react-app\src\pages\dashboard\hooks\use-data-loading.ts">
        <metrics statements="53" coveredstatements="51" conditionals="10" coveredconditionals="7" methods="7" coveredmethods="7"/>
        <line num="20" count="1" type="stmt"/>
        <line num="21" count="33" type="stmt"/>
        <line num="22" count="33" type="stmt"/>
        <line num="23" count="33" type="stmt"/>
        <line num="24" count="33" type="stmt"/>
        <line num="25" count="33" type="stmt"/>
        <line num="26" count="33" type="stmt"/>
        <line num="27" count="33" type="stmt"/>
        <line num="29" count="33" type="stmt"/>
        <line num="31" count="33" type="stmt"/>
        <line num="33" count="33" type="stmt"/>
        <line num="34" count="11" type="stmt"/>
        <line num="37" count="33" type="stmt"/>
        <line num="38" count="12" type="cond" truecount="2" falsecount="0"/>
        <line num="39" count="1" type="stmt"/>
        <line num="41" count="11" type="stmt"/>
        <line num="45" count="33" type="stmt"/>
        <line num="46" count="12" type="stmt"/>
        <line num="47" count="12" type="stmt"/>
        <line num="48" count="12" type="stmt"/>
        <line num="49" count="12" type="stmt"/>
        <line num="50" count="9" type="stmt"/>
        <line num="51" count="9" type="stmt"/>
        <line num="53" count="9" type="stmt"/>
        <line num="55" count="9" type="stmt"/>
        <line num="57" count="2" type="stmt"/>
        <line num="58" count="2" type="stmt"/>
        <line num="59" count="2" type="cond" truecount="1" falsecount="1"/>
        <line num="61" count="11" type="stmt"/>
        <line num="65" count="33" type="stmt"/>
        <line num="66" count="5" type="cond" truecount="1" falsecount="1"/>
        <line num="67" count="0" type="stmt"/>
        <line num="68" count="0" type="stmt"/>
        <line num="71" count="5" type="stmt"/>
        <line num="72" count="5" type="stmt"/>
        <line num="73" count="5" type="stmt"/>
        <line num="74" count="5" type="stmt"/>
        <line num="75" count="4" type="stmt"/>
        <line num="76" count="4" type="stmt"/>
        <line num="78" count="1" type="stmt"/>
        <line num="79" count="1" type="stmt"/>
        <line num="80" count="1" type="cond" truecount="1" falsecount="1"/>
        <line num="82" count="5" type="stmt"/>
        <line num="86" count="33" type="stmt"/>
        <line num="87" count="5" type="stmt"/>
        <line num="88" count="5" type="stmt"/>
        <line num="90" count="5" type="cond" truecount="2" falsecount="0"/>
        <line num="91" count="4" type="stmt"/>
        <line num="93" count="1" type="stmt"/>
        <line num="97" count="33" type="stmt"/>
        <line num="98" count="1" type="stmt"/>
        <line num="99" count="1" type="stmt"/>
        <line num="102" count="33" type="stmt"/>
      </file>
    </package>
    <package name="pages.dashboard.ui.card">
      <metrics statements="3" coveredstatements="2" conditionals="0" coveredconditionals="0" methods="2" coveredmethods="1"/>
      <file name="card.tsx" path="C:\Users\andre\vscode\Study\React2026Q2\rs-react-app\src\pages\dashboard\ui\card\card.tsx">
        <metrics statements="3" coveredstatements="2" conditionals="0" coveredconditionals="0" methods="2" coveredmethods="1"/>
        <line num="6" count="1" type="stmt"/>
        <line num="7" count="43" type="stmt"/>
        <line num="12" count="0" type="stmt"/>
      </file>
    </package>
    <package name="pages.dashboard.ui.card-details">
      <metrics statements="3" coveredstatements="1" conditionals="0" coveredconditionals="0" methods="1" coveredmethods="0"/>
      <file name="CardDetails.tsx" path="C:\Users\andre\vscode\Study\React2026Q2\rs-react-app\src\pages\dashboard\ui\card-details\CardDetails.tsx">
        <metrics statements="3" coveredstatements="1" conditionals="0" coveredconditionals="0" methods="1" coveredmethods="0"/>
        <line num="9" count="1" type="stmt"/>
        <line num="10" count="0" type="stmt"/>
        <line num="11" count="0" type="stmt"/>
      </file>
    </package>
    <package name="pages.dashboard.ui.search-bar">
      <metrics statements="7" coveredstatements="7" conditionals="4" coveredconditionals="4" methods="3" coveredmethods="3"/>
      <file name="index.tsx" path="C:\Users\andre\vscode\Study\React2026Q2\rs-react-app\src\pages\dashboard\ui\search-bar\index.tsx">
        <metrics statements="7" coveredstatements="7" conditionals="4" coveredconditionals="4" methods="3" coveredmethods="3"/>
        <line num="11" count="1" type="stmt"/>
        <line num="17" count="72" type="cond" truecount="2" falsecount="0"/>
        <line num="19" count="72" type="stmt"/>
        <line num="20" count="5" type="stmt"/>
        <line num="23" count="72" type="stmt"/>
        <line num="24" count="39" type="stmt"/>
        <line num="26" count="72" type="stmt"/>
      </file>
    </package>
    <package name="pages.dashboard.ui.test-error-button">
      <metrics statements="9" coveredstatements="9" conditionals="2" coveredconditionals="2" methods="3" coveredmethods="3"/>
      <file name="index.tsx" path="C:\Users\andre\vscode\Study\React2026Q2\rs-react-app\src\pages\dashboard\ui\test-error-button\index.tsx">
        <metrics statements="9" coveredstatements="9" conditionals="2" coveredconditionals="2" methods="3" coveredmethods="3"/>
        <line num="8" count="2" type="stmt"/>
        <line num="9" count="37" type="stmt"/>
        <line num="11" count="37" type="stmt"/>
        <line num="12" count="14" type="cond" truecount="2" falsecount="0"/>
        <line num="13" count="1" type="stmt"/>
        <line num="17" count="37" type="stmt"/>
        <line num="18" count="1" type="stmt"/>
        <line num="19" count="1" type="stmt"/>
        <line num="21" count="37" type="stmt"/>
      </file>
    </package>
    <package name="pages.not-found">
      <metrics statements="2" coveredstatements="0" conditionals="0" coveredconditionals="0" methods="1" coveredmethods="0"/>
      <file name="index.tsx" path="C:\Users\andre\vscode\Study\React2026Q2\rs-react-app\src\pages\not-found\index.tsx">
        <metrics statements="2" coveredstatements="0" conditionals="0" coveredconditionals="0" methods="1" coveredmethods="0"/>
        <line num="4" count="0" type="stmt"/>
        <line num="5" count="0" type="stmt"/>
      </file>
    </package>
    <package name="shared.api">
      <metrics statements="12" coveredstatements="0" conditionals="6" coveredconditionals="0" methods="2" coveredmethods="0"/>
      <file name="index.ts" path="C:\Users\andre\vscode\Study\React2026Q2\rs-react-app\src\shared\api\index.ts">
        <metrics statements="12" coveredstatements="0" conditionals="6" coveredconditionals="0" methods="2" coveredmethods="0"/>
        <line num="3" count="0" type="stmt"/>
        <line num="7" count="0" type="stmt"/>
        <line num="11" count="0" type="cond" truecount="0" falsecount="2"/>
        <line num="12" count="0" type="stmt"/>
        <line num="15" count="0" type="stmt"/>
        <line num="17" count="0" type="stmt"/>
        <line num="20" count="0" type="stmt"/>
        <line num="21" count="0" type="stmt"/>
        <line num="23" count="0" type="cond" truecount="0" falsecount="2"/>
        <line num="24" count="0" type="stmt"/>
        <line num="27" count="0" type="stmt"/>
        <line num="28" count="0" type="stmt"/>
      </file>
    </package>
    <package name="shared.assets.icons">
      <metrics statements="0" coveredstatements="0" conditionals="0" coveredconditionals="0" methods="0" coveredmethods="0"/>
      <file name="index.ts" path="C:\Users\andre\vscode\Study\React2026Q2\rs-react-app\src\shared\assets\icons\index.ts">
        <metrics statements="0" coveredstatements="0" conditionals="0" coveredconditionals="0" methods="0" coveredmethods="0"/>
      </file>
    </package>
    <package name="shared.config">
      <metrics statements="1" coveredstatements="1" conditionals="0" coveredconditionals="0" methods="0" coveredmethods="0"/>
      <file name="index.ts" path="C:\Users\andre\vscode\Study\React2026Q2\rs-react-app\src\shared\config\index.ts">
        <metrics statements="0" coveredstatements="0" conditionals="0" coveredconditionals="0" methods="0" coveredmethods="0"/>
      </file>
      <file name="routes.ts" path="C:\Users\andre\vscode\Study\React2026Q2\rs-react-app\src\shared\config\routes.ts">
        <metrics statements="1" coveredstatements="1" conditionals="0" coveredconditionals="0" methods="0" coveredmethods="0"/>
        <line num="1" count="1" type="stmt"/>
      </file>
    </package>
    <package name="shared.hooks">
      <metrics statements="29" coveredstatements="20" conditionals="16" coveredconditionals="9" methods="9" coveredmethods="5"/>
      <file name="index.ts" path="C:\Users\andre\vscode\Study\React2026Q2\rs-react-app\src\shared\hooks\index.ts">
        <metrics statements="0" coveredstatements="0" conditionals="0" coveredconditionals="0" methods="0" coveredmethods="0"/>
      </file>
      <file name="use-localstorage.ts" path="C:\Users\andre\vscode\Study\React2026Q2\rs-react-app\src\shared\hooks\use-localstorage.ts">
        <metrics statements="9" coveredstatements="9" conditionals="2" coveredconditionals="2" methods="3" coveredmethods="3"/>
        <line num="3" count="1" type="stmt"/>
        <line num="4" count="33" type="stmt"/>
        <line num="6" count="11" type="stmt"/>
        <line num="7" count="11" type="cond" truecount="2" falsecount="0"/>
        <line num="9" count="10" type="stmt"/>
        <line num="12" count="11" type="stmt"/>
        <line num="15" count="33" type="stmt"/>
        <line num="16" count="15" type="stmt"/>
        <line num="19" count="33" type="stmt"/>
      </file>
      <file name="use-pagination.ts" path="C:\Users\andre\vscode\Study\React2026Q2\rs-react-app\src\shared\hooks\use-pagination.ts">
        <metrics statements="20" coveredstatements="11" conditionals="14" coveredconditionals="7" methods="6" coveredmethods="2"/>
        <line num="9" count="1" type="stmt"/>
        <line num="13" count="33" type="stmt"/>
        <line num="15" count="33" type="stmt"/>
        <line num="16" count="22" type="stmt"/>
        <line num="17" count="22" type="cond" truecount="1" falsecount="1"/>
        <line num="19" count="22" type="cond" truecount="5" falsecount="0"/>
        <line num="20" count="14" type="stmt"/>
        <line num="22" count="8" type="stmt"/>
        <line num="25" count="33" type="stmt"/>
        <line num="27" count="0" type="cond" truecount="0" falsecount="4"/>
        <line num="29" count="0" type="stmt"/>
        <line num="31" count="0" type="cond" truecount="0" falsecount="2"/>
        <line num="32" count="0" type="stmt"/>
        <line num="34" count="0" type="stmt"/>
        <line num="36" count="0" type="stmt"/>
        <line num="44" count="33" type="stmt"/>
        <line num="45" count="0" type="stmt"/>
        <line num="47" count="0" type="stmt"/>
        <line num="48" count="0" type="stmt"/>
        <line num="54" count="33" type="stmt"/>
      </file>
    </package>
    <package name="shared.types">
      <metrics statements="0" coveredstatements="0" conditionals="0" coveredconditionals="0" methods="0" coveredmethods="0"/>
      <file name="data.ts" path="C:\Users\andre\vscode\Study\React2026Q2\rs-react-app\src\shared\types\data.ts">
        <metrics statements="0" coveredstatements="0" conditionals="0" coveredconditionals="0" methods="0" coveredmethods="0"/>
      </file>
      <file name="index.ts" path="C:\Users\andre\vscode\Study\React2026Q2\rs-react-app\src\shared\types\index.ts">
        <metrics statements="0" coveredstatements="0" conditionals="0" coveredconditionals="0" methods="0" coveredmethods="0"/>
      </file>
    </package>
    <package name="shared.ui">
      <metrics statements="29" coveredstatements="13" conditionals="26" coveredconditionals="6" methods="10" coveredmethods="6"/>
      <file name="button.tsx" path="C:\Users\andre\vscode\Study\React2026Q2\rs-react-app\src\shared\ui\button.tsx">
        <metrics statements="2" coveredstatements="2" conditionals="1" coveredconditionals="1" methods="1" coveredmethods="1"/>
        <line num="7" count="2" type="cond" truecount="1" falsecount="0"/>
        <line num="8" count="108" type="stmt"/>
      </file>
      <file name="index.ts" path="C:\Users\andre\vscode\Study\React2026Q2\rs-react-app\src\shared\ui\index.ts">
        <metrics statements="0" coveredstatements="0" conditionals="0" coveredconditionals="0" methods="0" coveredmethods="0"/>
      </file>
      <file name="loader.tsx" path="C:\Users\andre\vscode\Study\React2026Q2\rs-react-app\src\shared\ui\loader.tsx">
        <metrics statements="2" coveredstatements="2" conditionals="0" coveredconditionals="0" methods="1" coveredmethods="1"/>
        <line num="1" count="2" type="stmt"/>
        <line num="2" count="17" type="stmt"/>
      </file>
      <file name="pagination.tsx" path="C:\Users\andre\vscode\Study\React2026Q2\rs-react-app\src\shared\ui\pagination.tsx">
        <metrics statements="18" coveredstatements="2" conditionals="21" coveredconditionals="1" methods="5" coveredmethods="1"/>
        <line num="9" count="1" type="stmt"/>
        <line num="14" count="33" type="cond" truecount="1" falsecount="1"/>
        <line num="16" count="0" type="stmt"/>
        <line num="17" count="0" type="stmt"/>
        <line num="18" count="0" type="stmt"/>
        <line num="20" count="0" type="stmt"/>
        <line num="21" count="0" type="cond" truecount="0" falsecount="2"/>
        <line num="26" count="0" type="stmt"/>
        <line num="27" count="0" type="cond" truecount="0" falsecount="2"/>
        <line num="28" count="0" type="stmt"/>
        <line num="32" count="0" type="stmt"/>
        <line num="35" count="0" type="stmt"/>
        <line num="36" count="0" type="cond" truecount="0" falsecount="5"/>
        <line num="37" count="0" type="stmt"/>
        <line num="38" count="0" type="stmt"/>
        <line num="42" count="0" type="stmt"/>
        <line num="45" count="0" type="stmt"/>
        <line num="47" count="0" type="cond" truecount="0" falsecount="2"/>
      </file>
      <file name="search.tsx" path="C:\Users\andre\vscode\Study\React2026Q2\rs-react-app\src\shared\ui\search.tsx">
        <metrics statements="7" coveredstatements="7" conditionals="4" coveredconditionals="4" methods="3" coveredmethods="3"/>
        <line num="11" count="2" type="stmt"/>
        <line num="18" count="72" type="stmt"/>
        <line num="19" count="39" type="stmt"/>
        <line num="22" count="72" type="stmt"/>
        <line num="23" count="44" type="cond" truecount="2" falsecount="0"/>
        <line num="24" count="5" type="stmt"/>
        <line num="27" count="72" type="stmt"/>
      </file>
    </package>
  </project>
</coverage>
