{
  "C:\\Users\\andre\\vscode\\Study\\React2026Q2\\rs-react-app\\src\\main.tsx": {
    "path": "C:\\Users\\andre\\vscode\\Study\\React2026Q2\\rs-react-app\\src\\main.tsx",
    "statementMap": {
      "0": {
        "start": { "line": 6, "column": 0 },
        "end": { "line": 10, "column": null }
      }
    },
    "fnMap": {},
    "branchMap": {},
    "s": { "0": 0 },
    "f": {},
    "b": {},
    "meta": {
      "lastBranch": 0,
      "lastFunction": 0,
      "lastStatement": 1,
      "seen": { "s:6:0:10:Infinity": 0 }
    }
  },
  "C:\\Users\\andre\\vscode\\Study\\React2026Q2\\rs-react-app\\src\\app\\index.tsx": {
    "path": "C:\\Users\\andre\\vscode\\Study\\React2026Q2\\rs-react-app\\src\\app\\index.tsx",
    "statementMap": {
      "0": {
        "start": { "line": 7, "column": 4 },
        "end": { "line": 10, "column": null }
      }
    },
    "fnMap": {
      "0": {
        "name": "(anonymous_0)",
        "decl": {
          "start": { "line": 6, "column": 2 },
          "end": { "line": 6, "column": 11 }
        },
        "loc": {
          "start": { "line": 6, "column": 11 },
          "end": { "line": 10, "column": null }
        },
        "line": 6
      }
    },
    "branchMap": {},
    "s": { "0": 0 },
    "f": { "0": 0 },
    "b": {},
    "meta": {
      "lastBranch": 0,
      "lastFunction": 1,
      "lastStatement": 1,
      "seen": { "f:6:2:6:11": 0, "s:7:4:10:Infinity": 0 }
    }
  },
  "C:\\Users\\andre\\vscode\\Study\\React2026Q2\\rs-react-app\\src\\app\\layout\\index.tsx": {
    "path": "C:\\Users\\andre\\vscode\\Study\\React2026Q2\\rs-react-app\\src\\app\\layout\\index.tsx",
    "statementMap": {
      "0": {
        "start": { "line": 7, "column": 4 },
        "end": { "line": 13, "column": null }
      }
    },
    "fnMap": {
      "0": {
        "name": "(anonymous_0)",
        "decl": {
          "start": { "line": 6, "column": 2 },
          "end": { "line": 6, "column": 11 }
        },
        "loc": {
          "start": { "line": 6, "column": 11 },
          "end": { "line": 13, "column": null }
        },
        "line": 6
      }
    },
    "branchMap": {},
    "s": { "0": 0 },
    "f": { "0": 0 },
    "b": {},
    "meta": {
      "lastBranch": 0,
      "lastFunction": 1,
      "lastStatement": 1,
      "seen": { "f:6:2:6:11": 0, "s:7:4:13:Infinity": 0 }
    }
  },
  "C:\\Users\\andre\\vscode\\Study\\React2026Q2\\rs-react-app\\src\\app\\providers\\index.ts": {
    "path": "C:\\Users\\andre\\vscode\\Study\\React2026Q2\\rs-react-app\\src\\app\\providers\\index.ts",
    "statementMap": {},
    "fnMap": {},
    "branchMap": {},
    "s": {},
    "f": {},
    "b": {},
    "meta": {
      "lastBranch": 0,
      "lastFunction": 0,
      "lastStatement": 0,
      "seen": {}
    }
  },
  "C:\\Users\\andre\\vscode\\Study\\React2026Q2\\rs-react-app\\src\\app\\providers\\error-boundary\\error-fallback.tsx": {
    "path": "C:\\Users\\andre\\vscode\\Study\\React2026Q2\\rs-react-app\\src\\app\\providers\\error-boundary\\error-fallback.tsx",
    "statementMap": {
      "0": {
        "start": { "line": 10, "column": 34 },
        "end": { "line": 10, "column": null }
      },
      "1": {
        "start": { "line": 11, "column": 4 },
        "end": { "line": 20, "column": null }
      }
    },
    "fnMap": {
      "0": {
        "name": "(anonymous_0)",
        "decl": {
          "start": { "line": 9, "column": 2 },
          "end": { "line": 9, "column": 11 }
        },
        "loc": {
          "start": { "line": 9, "column": 11 },
          "end": { "line": 20, "column": null }
        },
        "line": 9
      }
    },
    "branchMap": {
      "0": {
        "loc": {
          "start": { "line": 14, "column": 39 },
          "end": { "line": 14, "column": 68 }
        },
        "type": "binary-expr",
        "locations": [
          {
            "start": { "line": 14, "column": 39 },
            "end": { "line": 14, "column": 48 }
          },
          {
            "start": { "line": 14, "column": 48 },
            "end": { "line": 14, "column": 68 }
          }
        ],
        "line": 14
      }
    },
    "s": { "0": 5, "1": 5 },
    "f": { "0": 5 },
    "b": { "0": [5, 1] },
    "meta": {
      "lastBranch": 1,
      "lastFunction": 1,
      "lastStatement": 2,
      "seen": {
        "f:9:2:9:11": 0,
        "s:10:34:10:Infinity": 0,
        "s:11:4:20:Infinity": 1,
        "b:14:39:14:48:14:48:14:68": 0
      }
    }
  },
  "C:\\Users\\andre\\vscode\\Study\\React2026Q2\\rs-react-app\\src\\app\\providers\\error-boundary\\index.tsx": {
    "path": "C:\\Users\\andre\\vscode\\Study\\React2026Q2\\rs-react-app\\src\\app\\providers\\error-boundary\\index.tsx",
    "statementMap": {
      "0": {
        "start": { "line": 36, "column": 2 },
        "end": { "line": 40, "column": null }
      },
      "1": {
        "start": { "line": 18, "column": 4 },
        "end": { "line": 18, "column": null }
      },
      "2": {
        "start": { "line": 19, "column": 4 },
        "end": { "line": 22, "column": null }
      },
      "3": {
        "start": { "line": 26, "column": 4 },
        "end": { "line": 29, "column": null }
      },
      "4": {
        "start": { "line": 33, "column": 4 },
        "end": { "line": 33, "column": null }
      },
      "5": {
        "start": { "line": 37, "column": 4 },
        "end": { "line": 40, "column": null }
      },
      "6": {
        "start": { "line": 44, "column": 32 },
        "end": { "line": 44, "column": null }
      },
      "7": {
        "start": { "line": 46, "column": 4 },
        "end": { "line": 48, "column": null }
      },
      "8": {
        "start": { "line": 47, "column": 6 },
        "end": { "line": 48, "column": null }
      },
      "9": {
        "start": { "line": 52, "column": 4 },
        "end": { "line": 52, "column": null }
      }
    },
    "fnMap": {
      "0": {
        "name": "(anonymous_0)",
        "decl": {
          "start": { "line": 17, "column": 2 },
          "end": { "line": 17, "column": 14 }
        },
        "loc": {
          "start": { "line": 17, "column": 41 },
          "end": { "line": 22, "column": null }
        },
        "line": 17
      },
      "1": {
        "name": "(anonymous_1)",
        "decl": {
          "start": { "line": 25, "column": 9 },
          "end": { "line": 25, "column": 34 }
        },
        "loc": {
          "start": { "line": 25, "column": 68 },
          "end": { "line": 29, "column": null }
        },
        "line": 25
      },
      "2": {
        "name": "(anonymous_2)",
        "decl": {
          "start": { "line": 32, "column": 2 },
          "end": { "line": 32, "column": 20 }
        },
        "loc": {
          "start": { "line": 32, "column": 68 },
          "end": { "line": 33, "column": null }
        },
        "line": 32
      },
      "3": {
        "name": "(anonymous_3)",
        "decl": {
          "start": { "line": 36, "column": 2 },
          "end": { "line": 36, "column": 27 }
        },
        "loc": {
          "start": { "line": 36, "column": 27 },
          "end": { "line": 40, "column": null }
        },
        "line": 36
      },
      "4": {
        "name": "(anonymous_4)",
        "decl": {
          "start": { "line": 43, "column": 2 },
          "end": { "line": 43, "column": 11 }
        },
        "loc": {
          "start": { "line": 43, "column": 11 },
          "end": { "line": 52, "column": null }
        },
        "line": 43
      }
    },
    "branchMap": {
      "0": {
        "loc": {
          "start": { "line": 46, "column": 4 },
          "end": { "line": 48, "column": null }
        },
        "type": "if",
        "locations": [
          {
            "start": { "line": 46, "column": 4 },
            "end": { "line": 48, "column": null }
          },
          { "start": {}, "end": {} }
        ],
        "line": 46
      }
    },
    "s": {
      "0": 0,
      "1": 2,
      "2": 2,
      "3": 1,
      "4": 1,
      "5": 0,
      "6": 2,
      "7": 2,
      "8": 1,
      "9": 1
    },
    "f": { "0": 2, "1": 1, "2": 1, "3": 0, "4": 2 },
    "b": { "0": [1, 1] },
    "meta": {
      "lastBranch": 1,
      "lastFunction": 5,
      "lastStatement": 10,
      "seen": {
        "s:36:2:40:Infinity": 0,
        "f:17:2:17:14": 0,
        "s:18:4:18:Infinity": 1,
        "s:19:4:22:Infinity": 2,
        "f:25:9:25:34": 1,
        "s:26:4:29:Infinity": 3,
        "f:32:2:32:20": 2,
        "s:33:4:33:Infinity": 4,
        "f:36:2:36:27": 3,
        "s:37:4:40:Infinity": 5,
        "f:43:2:43:11": 4,
        "s:44:32:44:Infinity": 6,
        "b:46:4:48:Infinity:undefined:undefined:undefined:undefined": 0,
        "s:46:4:48:Infinity": 7,
        "s:47:6:48:Infinity": 8,
        "s:52:4:52:Infinity": 9
      }
    }
  },
  "C:\\Users\\andre\\vscode\\Study\\React2026Q2\\rs-react-app\\src\\app\\ui\\index.ts": {
    "path": "C:\\Users\\andre\\vscode\\Study\\React2026Q2\\rs-react-app\\src\\app\\ui\\index.ts",
    "statementMap": {},
    "fnMap": {},
    "branchMap": {},
    "s": {},
    "f": {},
    "b": {},
    "meta": {
      "lastBranch": 0,
      "lastFunction": 0,
      "lastStatement": 0,
      "seen": {}
    }
  },
  "C:\\Users\\andre\\vscode\\Study\\React2026Q2\\rs-react-app\\src\\app\\ui\\footer\\index.tsx": {
    "path": "C:\\Users\\andre\\vscode\\Study\\React2026Q2\\rs-react-app\\src\\app\\ui\\footer\\index.tsx",
    "statementMap": {
      "0": {
        "start": { "line": 6, "column": 4 },
        "end": { "line": 33, "column": null }
      }
    },
    "fnMap": {
      "0": {
        "name": "(anonymous_0)",
        "decl": {
          "start": { "line": 5, "column": 2 },
          "end": { "line": 5, "column": 11 }
        },
        "loc": {
          "start": { "line": 5, "column": 11 },
          "end": { "line": 33, "column": null }
        },
        "line": 5
      }
    },
    "branchMap": {},
    "s": { "0": 1 },
    "f": { "0": 1 },
    "b": {},
    "meta": {
      "lastBranch": 0,
      "lastFunction": 1,
      "lastStatement": 1,
      "seen": { "f:5:2:5:11": 0, "s:6:4:33:Infinity": 0 }
    }
  },
  "C:\\Users\\andre\\vscode\\Study\\React2026Q2\\rs-react-app\\src\\app\\ui\\header\\index.tsx": {
    "path": "C:\\Users\\andre\\vscode\\Study\\React2026Q2\\rs-react-app\\src\\app\\ui\\header\\index.tsx",
    "statementMap": {
      "0": {
        "start": { "line": 5, "column": 4 },
        "end": { "line": 8, "column": null }
      }
    },
    "fnMap": {
      "0": {
        "name": "(anonymous_0)",
        "decl": {
          "start": { "line": 4, "column": 2 },
          "end": { "line": 4, "column": 11 }
        },
        "loc": {
          "start": { "line": 4, "column": 11 },
          "end": { "line": 8, "column": null }
        },
        "line": 4
      }
    },
    "branchMap": {},
    "s": { "0": 1 },
    "f": { "0": 1 },
    "b": {},
    "meta": {
      "lastBranch": 0,
      "lastFunction": 1,
      "lastStatement": 1,
      "seen": { "f:4:2:4:11": 0, "s:5:4:8:Infinity": 0 }
    }
  },
  "C:\\Users\\andre\\vscode\\Study\\React2026Q2\\rs-react-app\\src\\pages\\index.ts": {
    "path": "C:\\Users\\andre\\vscode\\Study\\React2026Q2\\rs-react-app\\src\\pages\\index.ts",
    "statementMap": {},
    "fnMap": {},
    "branchMap": {},
    "s": {},
    "f": {},
    "b": {},
    "meta": {
      "lastBranch": 0,
      "lastFunction": 0,
      "lastStatement": 0,
      "seen": {}
    }
  },
  "C:\\Users\\andre\\vscode\\Study\\React2026Q2\\rs-react-app\\src\\pages\\dashboard\\index.tsx": {
    "path": "C:\\Users\\andre\\vscode\\Study\\React2026Q2\\rs-react-app\\src\\pages\\dashboard\\index.tsx",
    "statementMap": {
      "0": {
        "start": { "line": 22, "column": 22 },
        "end": { "line": 22, "column": null }
      },
      "1": {
        "start": { "line": 41, "column": 2 },
        "end": { "line": 46, "column": null }
      },
      "2": {
        "start": { "line": 50, "column": 14 },
        "end": { "line": 69, "column": null }
      },
      "3": {
        "start": { "line": 74, "column": 15 },
        "end": { "line": 98, "column": null }
      },
      "4": {
        "start": { "line": 103, "column": 2 },
        "end": { "line": 112, "column": null }
      },
      "5": {
        "start": { "line": 116, "column": 2 },
        "end": { "line": 121, "column": null }
      },
      "6": {
        "start": { "line": 25, "column": 4 },
        "end": { "line": 25, "column": null }
      },
      "7": {
        "start": { "line": 27, "column": 24 },
        "end": { "line": 27, "column": null }
      },
      "8": {
        "start": { "line": 28, "column": 4 },
        "end": { "line": 33, "column": null }
      },
      "9": {
        "start": { "line": 37, "column": 4 },
        "end": { "line": 37, "column": null }
      },
      "10": {
        "start": { "line": 38, "column": 4 },
        "end": { "line": 38, "column": null }
      },
      "11": {
        "start": { "line": 42, "column": 28 },
        "end": { "line": 42, "column": null }
      },
      "12": {
        "start": { "line": 43, "column": 4 },
        "end": { "line": 46, "column": null }
      },
      "13": {
        "start": { "line": 44, "column": 6 },
        "end": { "line": 44, "column": null }
      },
      "14": {
        "start": { "line": 46, "column": 6 },
        "end": { "line": 46, "column": null }
      },
      "15": {
        "start": { "line": 51, "column": 4 },
        "end": { "line": 51, "column": null }
      },
      "16": {
        "start": { "line": 53, "column": 4 },
        "end": { "line": 69, "column": null }
      },
      "17": {
        "start": { "line": 54, "column": 19 },
        "end": { "line": 54, "column": 43 }
      },
      "18": {
        "start": { "line": 56, "column": 6 },
        "end": { "line": 61, "column": null }
      },
      "19": {
        "start": { "line": 57, "column": 8 },
        "end": { "line": 61, "column": null }
      },
      "20": {
        "start": { "line": 64, "column": 6 },
        "end": { "line": 69, "column": null }
      },
      "21": {
        "start": { "line": 65, "column": 8 },
        "end": { "line": 69, "column": null }
      },
      "22": {
        "start": { "line": 75, "column": 4 },
        "end": { "line": 77, "column": null }
      },
      "23": {
        "start": { "line": 76, "column": 6 },
        "end": { "line": 76, "column": null }
      },
      "24": {
        "start": { "line": 77, "column": 6 },
        "end": { "line": 77, "column": null }
      },
      "25": {
        "start": { "line": 80, "column": 4 },
        "end": { "line": 80, "column": null }
      },
      "26": {
        "start": { "line": 82, "column": 4 },
        "end": { "line": 98, "column": null }
      },
      "27": {
        "start": { "line": 83, "column": 19 },
        "end": { "line": 83, "column": 45 }
      },
      "28": {
        "start": { "line": 85, "column": 6 },
        "end": { "line": 90, "column": null }
      },
      "29": {
        "start": { "line": 86, "column": 8 },
        "end": { "line": 90, "column": null }
      },
      "30": {
        "start": { "line": 93, "column": 6 },
        "end": { "line": 98, "column": null }
      },
      "31": {
        "start": { "line": 94, "column": 8 },
        "end": { "line": 98, "column": null }
      },
      "32": {
        "start": { "line": 104, "column": 25 },
        "end": { "line": 104, "column": 57 }
      },
      "33": {
        "start": { "line": 106, "column": 4 },
        "end": { "line": 106, "column": null }
      },
      "34": {
        "start": { "line": 107, "column": 4 },
        "end": { "line": 107, "column": null }
      },
      "35": {
        "start": { "line": 109, "column": 4 },
        "end": { "line": 112, "column": null }
      },
      "36": {
        "start": { "line": 110, "column": 6 },
        "end": { "line": 110, "column": null }
      },
      "37": {
        "start": { "line": 112, "column": 6 },
        "end": { "line": 112, "column": null }
      },
      "38": {
        "start": { "line": 117, "column": 4 },
        "end": { "line": 119, "column": null }
      },
      "39": {
        "start": { "line": 121, "column": 4 },
        "end": { "line": 121, "column": null }
      },
      "40": {
        "start": { "line": 125, "column": 50 },
        "end": { "line": 125, "column": null }
      },
      "41": {
        "start": { "line": 127, "column": 4 },
        "end": { "line": 150, "column": null }
      },
      "42": {
        "start": { "line": 140, "column": 14 },
        "end": { "line": 140, "column": null }
      }
    },
    "fnMap": {
      "0": {
        "name": "(anonymous_0)",
        "decl": {
          "start": { "line": 24, "column": 2 },
          "end": { "line": 24, "column": 14 }
        },
        "loc": {
          "start": { "line": 24, "column": 37 },
          "end": { "line": 33, "column": null }
        },
        "line": 24
      },
      "1": {
        "name": "(anonymous_1)",
        "decl": {
          "start": { "line": 36, "column": 2 },
          "end": { "line": 36, "column": 22 }
        },
        "loc": {
          "start": { "line": 36, "column": 22 },
          "end": { "line": 38, "column": null }
        },
        "line": 36
      },
      "2": {
        "name": "(anonymous_2)",
        "decl": {
          "start": { "line": 41, "column": 2 },
          "end": { "line": 41, "column": 26 }
        },
        "loc": {
          "start": { "line": 41, "column": 26 },
          "end": { "line": 46, "column": null }
        },
        "line": 41
      },
      "3": {
        "name": "(anonymous_3)",
        "decl": {
          "start": { "line": 50, "column": 14 },
          "end": { "line": 50, "column": 26 }
        },
        "loc": {
          "start": { "line": 50, "column": 26 },
          "end": { "line": 69, "column": null }
        },
        "line": 50
      },
      "4": {
        "name": "(anonymous_4)",
        "decl": {
          "start": { "line": 74, "column": 15 },
          "end": { "line": 74, "column": 22 }
        },
        "loc": {
          "start": { "line": 74, "column": 40 },
          "end": { "line": 98, "column": null }
        },
        "line": 74
      },
      "5": {
        "name": "(anonymous_5)",
        "decl": {
          "start": { "line": 103, "column": 2 },
          "end": { "line": 103, "column": 18 }
        },
        "loc": {
          "start": { "line": 103, "column": 36 },
          "end": { "line": 112, "column": null }
        },
        "line": 103
      },
      "6": {
        "name": "(anonymous_6)",
        "decl": {
          "start": { "line": 116, "column": 2 },
          "end": { "line": 116, "column": 33 }
        },
        "loc": {
          "start": { "line": 116, "column": 33 },
          "end": { "line": 121, "column": null }
        },
        "line": 116
      },
      "7": {
        "name": "(anonymous_7)",
        "decl": {
          "start": { "line": 124, "column": 2 },
          "end": { "line": 124, "column": 11 }
        },
        "loc": {
          "start": { "line": 124, "column": 11 },
          "end": { "line": 150, "column": null }
        },
        "line": 124
      },
      "8": {
        "name": "(anonymous_8)",
        "decl": {
          "start": { "line": 139, "column": 18 },
          "end": { "line": 139, "column": 23 }
        },
        "loc": {
          "start": { "line": 140, "column": 14 },
          "end": { "line": 140, "column": null }
        },
        "line": 140
      }
    },
    "branchMap": {
      "0": {
        "loc": {
          "start": { "line": 27, "column": 24 },
          "end": { "line": 27, "column": null }
        },
        "type": "binary-expr",
        "locations": [
          {
            "start": { "line": 27, "column": 24 },
            "end": { "line": 27, "column": 59 }
          },
          {
            "start": { "line": 27, "column": 63 },
            "end": { "line": 27, "column": null }
          }
        ],
        "line": 27
      },
      "1": {
        "loc": {
          "start": { "line": 43, "column": 4 },
          "end": { "line": 46, "column": null }
        },
        "type": "if",
        "locations": [
          {
            "start": { "line": 43, "column": 4 },
            "end": { "line": 46, "column": null }
          },
          {
            "start": { "line": 45, "column": 11 },
            "end": { "line": 46, "column": null }
          }
        ],
        "line": 43
      },
      "2": {
        "loc": {
          "start": { "line": 56, "column": 6 },
          "end": { "line": 61, "column": null }
        },
        "type": "if",
        "locations": [
          {
            "start": { "line": 56, "column": 6 },
            "end": { "line": 61, "column": null }
          },
          { "start": {}, "end": {} }
        ],
        "line": 56
      },
      "3": {
        "loc": {
          "start": { "line": 64, "column": 6 },
          "end": { "line": 69, "column": null }
        },
        "type": "if",
        "locations": [
          {
            "start": { "line": 64, "column": 6 },
            "end": { "line": 69, "column": null }
          },
          { "start": {}, "end": {} }
        ],
        "line": 64
      },
      "4": {
        "loc": {
          "start": { "line": 66, "column": 17 },
          "end": { "line": 66, "column": null }
        },
        "type": "cond-expr",
        "locations": [
          {
            "start": { "line": 66, "column": 40 },
            "end": { "line": 66, "column": 54 }
          },
          {
            "start": { "line": 66, "column": 54 },
            "end": { "line": 66, "column": null }
          }
        ],
        "line": 66
      },
      "5": {
        "loc": {
          "start": { "line": 75, "column": 4 },
          "end": { "line": 77, "column": null }
        },
        "type": "if",
        "locations": [
          {
            "start": { "line": 75, "column": 4 },
            "end": { "line": 77, "column": null }
          },
          { "start": {}, "end": {} }
        ],
        "line": 75
      },
      "6": {
        "loc": {
          "start": { "line": 85, "column": 6 },
          "end": { "line": 90, "column": null }
        },
        "type": "if",
        "locations": [
          {
            "start": { "line": 85, "column": 6 },
            "end": { "line": 90, "column": null }
          },
          { "start": {}, "end": {} }
        ],
        "line": 85
      },
      "7": {
        "loc": {
          "start": { "line": 93, "column": 6 },
          "end": { "line": 98, "column": null }
        },
        "type": "if",
        "locations": [
          {
            "start": { "line": 93, "column": 6 },
            "end": { "line": 98, "column": null }
          },
          { "start": {}, "end": {} }
        ],
        "line": 93
      },
      "8": {
        "loc": {
          "start": { "line": 95, "column": 17 },
          "end": { "line": 95, "column": null }
        },
        "type": "cond-expr",
        "locations": [
          {
            "start": { "line": 95, "column": 40 },
            "end": { "line": 95, "column": 54 }
          },
          {
            "start": { "line": 95, "column": 54 },
            "end": { "line": 95, "column": null }
          }
        ],
        "line": 95
      },
      "9": {
        "loc": {
          "start": { "line": 109, "column": 4 },
          "end": { "line": 112, "column": null }
        },
        "type": "if",
        "locations": [
          {
            "start": { "line": 109, "column": 4 },
            "end": { "line": 112, "column": null }
          },
          {
            "start": { "line": 111, "column": 11 },
            "end": { "line": 112, "column": null }
          }
        ],
        "line": 109
      },
      "10": {
        "loc": {
          "start": { "line": 135, "column": 9 },
          "end": { "line": 135, "column": null }
        },
        "type": "binary-expr",
        "locations": [
          {
            "start": { "line": 135, "column": 9 },
            "end": { "line": 135, "column": 20 }
          },
          {
            "start": { "line": 135, "column": 20 },
            "end": { "line": 135, "column": null }
          }
        ],
        "line": 135
      },
      "11": {
        "loc": {
          "start": { "line": 137, "column": 9 },
          "end": { "line": 142, "column": null }
        },
        "type": "binary-expr",
        "locations": [
          {
            "start": { "line": 137, "column": 9 },
            "end": { "line": 137, "column": null }
          },
          {
            "start": { "line": 138, "column": 10 },
            "end": { "line": 142, "column": null }
          }
        ],
        "line": 137
      },
      "12": {
        "loc": {
          "start": { "line": 145, "column": 9 },
          "end": { "line": 146, "column": null }
        },
        "type": "binary-expr",
        "locations": [
          {
            "start": { "line": 145, "column": 9 },
            "end": { "line": 145, "column": null }
          },
          {
            "start": { "line": 146, "column": 10 },
            "end": { "line": 146, "column": null }
          }
        ],
        "line": 145
      }
    },
    "s": {
      "0": 11,
      "1": 12,
      "2": 12,
      "3": 5,
      "4": 5,
      "5": 1,
      "6": 11,
      "7": 11,
      "8": 11,
      "9": 11,
      "10": 11,
      "11": 12,
      "12": 12,
      "13": 1,
      "14": 11,
      "15": 12,
      "16": 12,
      "17": 12,
      "18": 9,
      "19": 9,
      "20": 2,
      "21": 2,
      "22": 5,
      "23": 0,
      "24": 0,
      "25": 5,
      "26": 5,
      "27": 5,
      "28": 4,
      "29": 4,
      "30": 1,
      "31": 1,
      "32": 5,
      "33": 5,
      "34": 5,
      "35": 5,
      "36": 4,
      "37": 1,
      "38": 1,
      "39": 1,
      "40": 44,
      "41": 44,
      "42": 43
    },
    "f": {
      "0": 11,
      "1": 11,
      "2": 12,
      "3": 12,
      "4": 5,
      "5": 5,
      "6": 1,
      "7": 44,
      "8": 43
    },
    "b": {
      "0": [11, 10],
      "1": [1, 11],
      "2": [9, 0],
      "3": [2, 0],
      "4": [2, 0],
      "5": [0, 5],
      "6": [4, 0],
      "7": [1, 0],
      "8": [1, 0],
      "9": [4, 1],
      "10": [44, 28],
      "11": [44, 18],
      "12": [44, 3]
    },
    "meta": {
      "lastBranch": 13,
      "lastFunction": 9,
      "lastStatement": 43,
      "seen": {
        "s:22:22:22:Infinity": 0,
        "s:41:2:46:Infinity": 1,
        "s:50:14:69:Infinity": 2,
        "s:74:15:98:Infinity": 3,
        "s:103:2:112:Infinity": 4,
        "s:116:2:121:Infinity": 5,
        "f:24:2:24:14": 0,
        "s:25:4:25:Infinity": 6,
        "s:27:24:27:Infinity": 7,
        "b:27:24:27:59:27:63:27:Infinity": 0,
        "s:28:4:33:Infinity": 8,
        "f:36:2:36:22": 1,
        "s:37:4:37:Infinity": 9,
        "s:38:4:38:Infinity": 10,
        "f:41:2:41:26": 2,
        "s:42:28:42:Infinity": 11,
        "b:43:4:46:Infinity:45:11:46:Infinity": 1,
        "s:43:4:46:Infinity": 12,
        "s:44:6:44:Infinity": 13,
        "s:46:6:46:Infinity": 14,
        "f:50:14:50:26": 3,
        "s:51:4:51:Infinity": 15,
        "s:53:4:69:Infinity": 16,
        "s:54:19:54:43": 17,
        "b:56:6:61:Infinity:undefined:undefined:undefined:undefined": 2,
        "s:56:6:61:Infinity": 18,
        "s:57:8:61:Infinity": 19,
        "b:64:6:69:Infinity:undefined:undefined:undefined:undefined": 3,
        "s:64:6:69:Infinity": 20,
        "s:65:8:69:Infinity": 21,
        "b:66:40:66:54:66:54:66:Infinity": 4,
        "f:74:15:74:22": 4,
        "b:75:4:77:Infinity:undefined:undefined:undefined:undefined": 5,
        "s:75:4:77:Infinity": 22,
        "s:76:6:76:Infinity": 23,
        "s:77:6:77:Infinity": 24,
        "s:80:4:80:Infinity": 25,
        "s:82:4:98:Infinity": 26,
        "s:83:19:83:45": 27,
        "b:85:6:90:Infinity:undefined:undefined:undefined:undefined": 6,
        "s:85:6:90:Infinity": 28,
        "s:86:8:90:Infinity": 29,
        "b:93:6:98:Infinity:undefined:undefined:undefined:undefined": 7,
        "s:93:6:98:Infinity": 30,
        "s:94:8:98:Infinity": 31,
        "b:95:40:95:54:95:54:95:Infinity": 8,
        "f:103:2:103:18": 5,
        "s:104:25:104:57": 32,
        "s:106:4:106:Infinity": 33,
        "s:107:4:107:Infinity": 34,
        "b:109:4:112:Infinity:111:11:112:Infinity": 9,
        "s:109:4:112:Infinity": 35,
        "s:110:6:110:Infinity": 36,
        "s:112:6:112:Infinity": 37,
        "f:116:2:116:33": 6,
        "s:117:4:119:Infinity": 38,
        "s:121:4:121:Infinity": 39,
        "f:124:2:124:11": 7,
        "s:125:50:125:Infinity": 40,
        "s:127:4:150:Infinity": 41,
        "b:135:9:135:20:135:20:135:Infinity": 10,
        "b:137:9:137:Infinity:138:10:142:Infinity": 11,
        "f:139:18:139:23": 8,
        "s:140:14:140:Infinity": 42,
        "b:145:9:145:Infinity:146:10:146:Infinity": 12
      }
    }
  },
  "C:\\Users\\andre\\vscode\\Study\\React2026Q2\\rs-react-app\\src\\pages\\dashboard\\ui\\card\\card.tsx": {
    "path": "C:\\Users\\andre\\vscode\\Study\\React2026Q2\\rs-react-app\\src\\pages\\dashboard\\ui\\card\\card.tsx",
    "statementMap": {
      "0": {
        "start": { "line": 10, "column": 26 },
        "end": { "line": 10, "column": null }
      },
      "1": {
        "start": { "line": 12, "column": 4 },
        "end": { "line": 15, "column": null }
      }
    },
    "fnMap": {
      "0": {
        "name": "(anonymous_0)",
        "decl": {
          "start": { "line": 9, "column": 2 },
          "end": { "line": 9, "column": 11 }
        },
        "loc": {
          "start": { "line": 9, "column": 11 },
          "end": { "line": 15, "column": null }
        },
        "line": 9
      }
    },
    "branchMap": {},
    "s": { "0": 43, "1": 43 },
    "f": { "0": 43 },
    "b": {},
    "meta": {
      "lastBranch": 0,
      "lastFunction": 1,
      "lastStatement": 2,
      "seen": {
        "f:9:2:9:11": 0,
        "s:10:26:10:Infinity": 0,
        "s:12:4:15:Infinity": 1
      }
    }
  },
  "C:\\Users\\andre\\vscode\\Study\\React2026Q2\\rs-react-app\\src\\pages\\dashboard\\ui\\search-bar\\index.tsx": {
    "path": "C:\\Users\\andre\\vscode\\Study\\React2026Q2\\rs-react-app\\src\\pages\\dashboard\\ui\\search-bar\\index.tsx",
    "statementMap": {
      "0": {
        "start": { "line": 21, "column": 2 },
        "end": { "line": 22, "column": null }
      },
      "1": {
        "start": { "line": 25, "column": 2 },
        "end": { "line": 26, "column": null }
      },
      "2": {
        "start": { "line": 17, "column": 4 },
        "end": { "line": 17, "column": null }
      },
      "3": {
        "start": { "line": 18, "column": 4 },
        "end": { "line": 18, "column": null }
      },
      "4": {
        "start": { "line": 22, "column": 4 },
        "end": { "line": 22, "column": null }
      },
      "5": {
        "start": { "line": 26, "column": 4 },
        "end": { "line": 26, "column": null }
      },
      "6": {
        "start": { "line": 30, "column": 38 },
        "end": { "line": 30, "column": null }
      },
      "7": {
        "start": { "line": 31, "column": 22 },
        "end": { "line": 31, "column": null }
      },
      "8": {
        "start": { "line": 33, "column": 4 },
        "end": { "line": 48, "column": null }
      }
    },
    "fnMap": {
      "0": {
        "name": "(anonymous_0)",
        "decl": {
          "start": { "line": 16, "column": 2 },
          "end": { "line": 16, "column": 14 }
        },
        "loc": {
          "start": { "line": 16, "column": 37 },
          "end": { "line": 18, "column": null }
        },
        "line": 16
      },
      "1": {
        "name": "(anonymous_1)",
        "decl": {
          "start": { "line": 21, "column": 2 },
          "end": { "line": 21, "column": 23 }
        },
        "loc": {
          "start": { "line": 21, "column": 23 },
          "end": { "line": 22, "column": null }
        },
        "line": 21
      },
      "2": {
        "name": "(anonymous_2)",
        "decl": {
          "start": { "line": 25, "column": 2 },
          "end": { "line": 25, "column": 18 }
        },
        "loc": {
          "start": { "line": 25, "column": 36 },
          "end": { "line": 26, "column": null }
        },
        "line": 25
      },
      "3": {
        "name": "(anonymous_3)",
        "decl": {
          "start": { "line": 29, "column": 2 },
          "end": { "line": 29, "column": 11 }
        },
        "loc": {
          "start": { "line": 29, "column": 11 },
          "end": { "line": 48, "column": null }
        },
        "line": 29
      }
    },
    "branchMap": {
      "0": {
        "loc": {
          "start": { "line": 18, "column": 26 },
          "end": { "line": 18, "column": 52 }
        },
        "type": "binary-expr",
        "locations": [
          {
            "start": { "line": 18, "column": 26 },
            "end": { "line": 18, "column": 48 }
          },
          {
            "start": { "line": 18, "column": 48 },
            "end": { "line": 18, "column": 52 }
          }
        ],
        "line": 18
      },
      "1": {
        "loc": {
          "start": { "line": 44, "column": 20 },
          "end": { "line": 44, "column": 45 }
        },
        "type": "binary-expr",
        "locations": [
          {
            "start": { "line": 44, "column": 20 },
            "end": { "line": 44, "column": 32 }
          },
          {
            "start": { "line": 44, "column": 32 },
            "end": { "line": 44, "column": 45 }
          }
        ],
        "line": 44
      }
    },
    "s": {
      "0": 5,
      "1": 39,
      "2": 11,
      "3": 11,
      "4": 5,
      "5": 39,
      "6": 83,
      "7": 83,
      "8": 83
    },
    "f": { "0": 11, "1": 5, "2": 39, "3": 83 },
    "b": { "0": [11, 10], "1": [83, 83] },
    "meta": {
      "lastBranch": 2,
      "lastFunction": 4,
      "lastStatement": 9,
      "seen": {
        "s:21:2:22:Infinity": 0,
        "s:25:2:26:Infinity": 1,
        "f:16:2:16:14": 0,
        "s:17:4:17:Infinity": 2,
        "s:18:4:18:Infinity": 3,
        "b:18:26:18:48:18:48:18:52": 0,
        "f:21:2:21:23": 1,
        "s:22:4:22:Infinity": 4,
        "f:25:2:25:18": 2,
        "s:26:4:26:Infinity": 5,
        "f:29:2:29:11": 3,
        "s:30:38:30:Infinity": 6,
        "s:31:22:31:Infinity": 7,
        "s:33:4:48:Infinity": 8,
        "b:44:20:44:32:44:32:44:45": 1
      }
    }
  },
  "C:\\Users\\andre\\vscode\\Study\\React2026Q2\\rs-react-app\\src\\pages\\dashboard\\ui\\test-error-button\\index.tsx": {
    "path": "C:\\Users\\andre\\vscode\\Study\\React2026Q2\\rs-react-app\\src\\pages\\dashboard\\ui\\test-error-button\\index.tsx",
    "statementMap": {
      "0": {
        "start": { "line": 23, "column": 2 },
        "end": { "line": 25, "column": null }
      },
      "1": {
        "start": { "line": 17, "column": 4 },
        "end": { "line": 17, "column": null }
      },
      "2": {
        "start": { "line": 18, "column": 4 },
        "end": { "line": 20, "column": null }
      },
      "3": {
        "start": { "line": 24, "column": 4 },
        "end": { "line": 24, "column": null }
      },
      "4": {
        "start": { "line": 25, "column": 4 },
        "end": { "line": 25, "column": null }
      },
      "5": {
        "start": { "line": 29, "column": 4 },
        "end": { "line": 30, "column": null }
      },
      "6": {
        "start": { "line": 30, "column": 6 },
        "end": { "line": 30, "column": null }
      },
      "7": {
        "start": { "line": 35, "column": 4 },
        "end": { "line": 40, "column": null }
      }
    },
    "fnMap": {
      "0": {
        "name": "(anonymous_0)",
        "decl": {
          "start": { "line": 16, "column": 2 },
          "end": { "line": 16, "column": 14 }
        },
        "loc": {
          "start": { "line": 16, "column": 43 },
          "end": { "line": 20, "column": null }
        },
        "line": 16
      },
      "1": {
        "name": "(anonymous_1)",
        "decl": {
          "start": { "line": 23, "column": 2 },
          "end": { "line": 23, "column": 35 }
        },
        "loc": {
          "start": { "line": 23, "column": 35 },
          "end": { "line": 25, "column": null }
        },
        "line": 23
      },
      "2": {
        "name": "(anonymous_2)",
        "decl": {
          "start": { "line": 28, "column": 2 },
          "end": { "line": 28, "column": 29 }
        },
        "loc": {
          "start": { "line": 28, "column": 29 },
          "end": { "line": 30, "column": null }
        },
        "line": 28
      },
      "3": {
        "name": "(anonymous_3)",
        "decl": {
          "start": { "line": 34, "column": 2 },
          "end": { "line": 34, "column": 11 }
        },
        "loc": {
          "start": { "line": 34, "column": 11 },
          "end": { "line": 40, "column": null }
        },
        "line": 34
      }
    },
    "branchMap": {
      "0": {
        "loc": {
          "start": { "line": 29, "column": 4 },
          "end": { "line": 30, "column": null }
        },
        "type": "if",
        "locations": [
          {
            "start": { "line": 29, "column": 4 },
            "end": { "line": 30, "column": null }
          },
          { "start": {}, "end": {} }
        ],
        "line": 29
      }
    },
    "s": { "0": 1, "1": 14, "2": 14, "3": 1, "4": 1, "5": 34, "6": 1, "7": 47 },
    "f": { "0": 14, "1": 1, "2": 34, "3": 47 },
    "b": { "0": [1, 33] },
    "meta": {
      "lastBranch": 1,
      "lastFunction": 4,
      "lastStatement": 8,
      "seen": {
        "s:23:2:25:Infinity": 0,
        "f:16:2:16:14": 0,
        "s:17:4:17:Infinity": 1,
        "s:18:4:20:Infinity": 2,
        "f:23:2:23:35": 1,
        "s:24:4:24:Infinity": 3,
        "s:25:4:25:Infinity": 4,
        "f:28:2:28:29": 2,
        "b:29:4:30:Infinity:undefined:undefined:undefined:undefined": 0,
        "s:29:4:30:Infinity": 5,
        "s:30:6:30:Infinity": 6,
        "f:34:2:34:11": 3,
        "s:35:4:40:Infinity": 7
      }
    }
  },
  "C:\\Users\\andre\\vscode\\Study\\React2026Q2\\rs-react-app\\src\\shared\\api\\index.ts": {
    "path": "C:\\Users\\andre\\vscode\\Study\\React2026Q2\\rs-react-app\\src\\shared\\api\\index.ts",
    "statementMap": {
      "0": {
        "start": { "line": 3, "column": 32 },
        "end": { "line": 16, "column": null }
      },
      "1": {
        "start": { "line": 6, "column": 19 },
        "end": { "line": 7, "column": null }
      },
      "2": {
        "start": { "line": 10, "column": 2 },
        "end": { "line": 11, "column": null }
      },
      "3": {
        "start": { "line": 11, "column": 4 },
        "end": { "line": 11, "column": null }
      },
      "4": {
        "start": { "line": 14, "column": 28 },
        "end": { "line": 14, "column": 49 }
      },
      "5": {
        "start": { "line": 16, "column": 2 },
        "end": { "line": 16, "column": null }
      },
      "6": {
        "start": { "line": 19, "column": 29 },
        "end": { "line": 27, "column": null }
      },
      "7": {
        "start": { "line": 20, "column": 19 },
        "end": { "line": 20, "column": 76 }
      },
      "8": {
        "start": { "line": 22, "column": 2 },
        "end": { "line": 23, "column": null }
      },
      "9": {
        "start": { "line": 23, "column": 4 },
        "end": { "line": 23, "column": null }
      },
      "10": {
        "start": { "line": 26, "column": 29 },
        "end": { "line": 26, "column": 50 }
      },
      "11": {
        "start": { "line": 27, "column": 2 },
        "end": { "line": 27, "column": null }
      }
    },
    "fnMap": {
      "0": {
        "name": "(anonymous_0)",
        "decl": {
          "start": { "line": 3, "column": 32 },
          "end": { "line": 3, "column": null }
        },
        "loc": {
          "start": { "line": 5, "column": 25 },
          "end": { "line": 16, "column": null }
        },
        "line": 5
      },
      "1": {
        "name": "(anonymous_1)",
        "decl": {
          "start": { "line": 19, "column": 29 },
          "end": { "line": 19, "column": 36 }
        },
        "loc": {
          "start": { "line": 19, "column": 72 },
          "end": { "line": 27, "column": null }
        },
        "line": 19
      }
    },
    "branchMap": {
      "0": {
        "loc": {
          "start": { "line": 4, "column": 2 },
          "end": { "line": 4, "column": null }
        },
        "type": "default-arg",
        "locations": [
          {
            "start": { "line": 4, "column": 18 },
            "end": { "line": 4, "column": null }
          }
        ],
        "line": 4
      },
      "1": {
        "loc": {
          "start": { "line": 10, "column": 2 },
          "end": { "line": 11, "column": null }
        },
        "type": "if",
        "locations": [
          {
            "start": { "line": 10, "column": 2 },
            "end": { "line": 11, "column": null }
          },
          { "start": {}, "end": {} }
        ],
        "line": 10
      },
      "2": {
        "loc": {
          "start": { "line": 22, "column": 2 },
          "end": { "line": 23, "column": null }
        },
        "type": "if",
        "locations": [
          {
            "start": { "line": 22, "column": 2 },
            "end": { "line": 23, "column": null }
          },
          { "start": {}, "end": {} }
        ],
        "line": 22
      }
    },
    "s": {
      "0": 0,
      "1": 0,
      "2": 0,
      "3": 0,
      "4": 0,
      "5": 0,
      "6": 0,
      "7": 0,
      "8": 0,
      "9": 0,
      "10": 0,
      "11": 0
    },
    "f": { "0": 0, "1": 0 },
    "b": { "0": [0], "1": [0, 0], "2": [0, 0] },
    "meta": {
      "lastBranch": 3,
      "lastFunction": 2,
      "lastStatement": 12,
      "seen": {
        "s:3:32:16:Infinity": 0,
        "f:3:32:3:Infinity": 0,
        "b:4:18:4:Infinity": 0,
        "s:6:19:7:Infinity": 1,
        "b:10:2:11:Infinity:undefined:undefined:undefined:undefined": 1,
        "s:10:2:11:Infinity": 2,
        "s:11:4:11:Infinity": 3,
        "s:14:28:14:49": 4,
        "s:16:2:16:Infinity": 5,
        "s:19:29:27:Infinity": 6,
        "f:19:29:19:36": 1,
        "s:20:19:20:76": 7,
        "b:22:2:23:Infinity:undefined:undefined:undefined:undefined": 2,
        "s:22:2:23:Infinity": 8,
        "s:23:4:23:Infinity": 9,
        "s:26:29:26:50": 10,
        "s:27:2:27:Infinity": 11
      }
    }
  },
  "C:\\Users\\andre\\vscode\\Study\\React2026Q2\\rs-react-app\\src\\shared\\assets\\icons\\index.ts": {
    "path": "C:\\Users\\andre\\vscode\\Study\\React2026Q2\\rs-react-app\\src\\shared\\assets\\icons\\index.ts",
    "statementMap": {},
    "fnMap": {},
    "branchMap": {},
    "s": {},
    "f": {},
    "b": {},
    "meta": {
      "lastBranch": 0,
      "lastFunction": 0,
      "lastStatement": 0,
      "seen": {}
    }
  },
  "C:\\Users\\andre\\vscode\\Study\\React2026Q2\\rs-react-app\\src\\shared\\types\\data.ts": {
    "path": "C:\\Users\\andre\\vscode\\Study\\React2026Q2\\rs-react-app\\src\\shared\\types\\data.ts",
    "statementMap": {},
    "fnMap": {},
    "branchMap": {},
    "s": {},
    "f": {},
    "b": {},
    "meta": {
      "lastBranch": 0,
      "lastFunction": 0,
      "lastStatement": 0,
      "seen": {}
    }
  },
  "C:\\Users\\andre\\vscode\\Study\\React2026Q2\\rs-react-app\\src\\shared\\ui\\button.tsx": {
    "path": "C:\\Users\\andre\\vscode\\Study\\React2026Q2\\rs-react-app\\src\\shared\\ui\\button.tsx",
    "statementMap": {
      "0": {
        "start": { "line": 10, "column": 51 },
        "end": { "line": 10, "column": null }
      },
      "1": {
        "start": { "line": 12, "column": 4 },
        "end": { "line": 27, "column": null }
      }
    },
    "fnMap": {
      "0": {
        "name": "(anonymous_0)",
        "decl": {
          "start": { "line": 9, "column": 2 },
          "end": { "line": 9, "column": 11 }
        },
        "loc": {
          "start": { "line": 9, "column": 11 },
          "end": { "line": 27, "column": null }
        },
        "line": 9
      }
    },
    "branchMap": {
      "0": {
        "loc": {
          "start": { "line": 10, "column": 22 },
          "end": { "line": 10, "column": 38 }
        },
        "type": "default-arg",
        "locations": [
          {
            "start": { "line": 10, "column": 34 },
            "end": { "line": 10, "column": 38 }
          }
        ],
        "line": 10
      }
    },
    "s": { "0": 130, "1": 130 },
    "f": { "0": 130 },
    "b": { "0": [130] },
    "meta": {
      "lastBranch": 1,
      "lastFunction": 1,
      "lastStatement": 2,
      "seen": {
        "f:9:2:9:11": 0,
        "s:10:51:10:Infinity": 0,
        "b:10:34:10:38": 0,
        "s:12:4:27:Infinity": 1
      }
    }
  },
  "C:\\Users\\andre\\vscode\\Study\\React2026Q2\\rs-react-app\\src\\shared\\ui\\index.ts": {
    "path": "C:\\Users\\andre\\vscode\\Study\\React2026Q2\\rs-react-app\\src\\shared\\ui\\index.ts",
    "statementMap": {},
    "fnMap": {},
    "branchMap": {},
    "s": {},
    "f": {},
    "b": {},
    "meta": {
      "lastBranch": 0,
      "lastFunction": 0,
      "lastStatement": 0,
      "seen": {}
    }
  },
  "C:\\Users\\andre\\vscode\\Study\\React2026Q2\\rs-react-app\\src\\shared\\ui\\loader.tsx": {
    "path": "C:\\Users\\andre\\vscode\\Study\\React2026Q2\\rs-react-app\\src\\shared\\ui\\loader.tsx",
    "statementMap": {
      "0": {
        "start": { "line": 5, "column": 4 },
        "end": { "line": 19, "column": null }
      }
    },
    "fnMap": {
      "0": {
        "name": "(anonymous_0)",
        "decl": {
          "start": { "line": 4, "column": 2 },
          "end": { "line": 4, "column": 11 }
        },
        "loc": {
          "start": { "line": 4, "column": 11 },
          "end": { "line": 19, "column": null }
        },
        "line": 4
      }
    },
    "branchMap": {},
    "s": { "0": 28 },
    "f": { "0": 28 },
    "b": {},
    "meta": {
      "lastBranch": 0,
      "lastFunction": 1,
      "lastStatement": 1,
      "seen": { "f:4:2:4:11": 0, "s:5:4:19:Infinity": 0 }
    }
  },
  "C:\\Users\\andre\\vscode\\Study\\React2026Q2\\rs-react-app\\src\\shared\\ui\\search.tsx": {
    "path": "C:\\Users\\andre\\vscode\\Study\\React2026Q2\\rs-react-app\\src\\shared\\ui\\search.tsx",
    "statementMap": {
      "0": {
        "start": { "line": 12, "column": 2 },
        "end": { "line": 13, "column": null }
      },
      "1": {
        "start": { "line": 16, "column": 2 },
        "end": { "line": 18, "column": null }
      },
      "2": {
        "start": { "line": 13, "column": 4 },
        "end": { "line": 13, "column": null }
      },
      "3": {
        "start": { "line": 17, "column": 4 },
        "end": { "line": 18, "column": null }
      },
      "4": {
        "start": { "line": 18, "column": 6 },
        "end": { "line": 18, "column": null }
      },
      "5": {
        "start": { "line": 23, "column": 67 },
        "end": { "line": 23, "column": null }
      },
      "6": {
        "start": { "line": 25, "column": 4 },
        "end": { "line": 44, "column": null }
      }
    },
    "fnMap": {
      "0": {
        "name": "(anonymous_0)",
        "decl": {
          "start": { "line": 12, "column": 2 },
          "end": { "line": 12, "column": 18 }
        },
        "loc": {
          "start": { "line": 12, "column": 55 },
          "end": { "line": 13, "column": null }
        },
        "line": 12
      },
      "1": {
        "name": "(anonymous_1)",
        "decl": {
          "start": { "line": 16, "column": 2 },
          "end": { "line": 16, "column": 19 }
        },
        "loc": {
          "start": { "line": 16, "column": 58 },
          "end": { "line": 18, "column": null }
        },
        "line": 16
      },
      "2": {
        "name": "(anonymous_2)",
        "decl": {
          "start": { "line": 22, "column": 2 },
          "end": { "line": 22, "column": 11 }
        },
        "loc": {
          "start": { "line": 22, "column": 11 },
          "end": { "line": 44, "column": null }
        },
        "line": 22
      }
    },
    "branchMap": {
      "0": {
        "loc": {
          "start": { "line": 17, "column": 4 },
          "end": { "line": 18, "column": null }
        },
        "type": "if",
        "locations": [
          {
            "start": { "line": 17, "column": 4 },
            "end": { "line": 18, "column": null }
          },
          { "start": {}, "end": {} }
        ],
        "line": 17
      },
      "1": {
        "loc": {
          "start": { "line": 23, "column": 19 },
          "end": { "line": 23, "column": 46 }
        },
        "type": "default-arg",
        "locations": [
          {
            "start": { "line": 23, "column": 33 },
            "end": { "line": 23, "column": 46 }
          }
        ],
        "line": 23
      },
      "2": {
        "loc": {
          "start": { "line": 23, "column": 46 },
          "end": { "line": 23, "column": 67 }
        },
        "type": "default-arg",
        "locations": [
          {
            "start": { "line": 23, "column": 57 },
            "end": { "line": 23, "column": 67 }
          }
        ],
        "line": 23
      }
    },
    "s": { "0": 39, "1": 44, "2": 39, "3": 44, "4": 5, "5": 83, "6": 83 },
    "f": { "0": 39, "1": 44, "2": 83 },
    "b": { "0": [5, 39], "1": [83], "2": [83] },
    "meta": {
      "lastBranch": 3,
      "lastFunction": 3,
      "lastStatement": 7,
      "seen": {
        "s:12:2:13:Infinity": 0,
        "s:16:2:18:Infinity": 1,
        "f:12:2:12:18": 0,
        "s:13:4:13:Infinity": 2,
        "f:16:2:16:19": 1,
        "b:17:4:18:Infinity:undefined:undefined:undefined:undefined": 0,
        "s:17:4:18:Infinity": 3,
        "s:18:6:18:Infinity": 4,
        "f:22:2:22:11": 2,
        "s:23:67:23:Infinity": 5,
        "b:23:33:23:46": 1,
        "b:23:57:23:67": 2,
        "s:25:4:44:Infinity": 6
      }
    }
  }
}
