{"C:\\Users\\andre\\vscode\\Study\\React2026Q2\\rs-react-app\\src\\app\\layout\\index.tsx": {"path":"C:\\Users\\andre\\vscode\\Study\\React2026Q2\\rs-react-app\\src\\app\\layout\\index.tsx","statementMap":{"0":{"start":{"line":4,"column":13},"end":{"line":11,"column":null}},"1":{"start":{"line":5,"column":2},"end":{"line":11,"column":null}}},"fnMap":{"0":{"name":"(anonymous_0)","decl":{"start":{"line":4,"column":13},"end":{"line":4,"column":28}},"loc":{"start":{"line":4,"column":28},"end":{"line":11,"column":null}},"line":4}},"branchMap":{},"s":{"0":1,"1":4},"f":{"0":4},"b":{},"meta":{"lastBranch":0,"lastFunction":1,"lastStatement":2,"seen":{"s:4:13:11:Infinity":0,"f:4:13:4:28":0,"s:5:2:11:Infinity":1}}}
,"C:\\Users\\andre\\vscode\\Study\\React2026Q2\\rs-react-app\\src\\app\\providers\\index.ts": {"path":"C:\\Users\\andre\\vscode\\Study\\React2026Q2\\rs-react-app\\src\\app\\providers\\index.ts","statementMap":{},"fnMap":{},"branchMap":{},"s":{},"f":{},"b":{},"meta":{"lastBranch":0,"lastFunction":0,"lastStatement":0,"seen":{}}}
,"C:\\Users\\andre\\vscode\\Study\\React2026Q2\\rs-react-app\\src\\app\\providers\\error-boundary\\error-fallback.tsx": {"path":"C:\\Users\\andre\\vscode\\Study\\React2026Q2\\rs-react-app\\src\\app\\providers\\error-boundary\\error-fallback.tsx","statementMap":{"0":{"start":{"line":6,"column":13},"end":{"line":16,"column":null}},"1":{"start":{"line":7,"column":2},"end":{"line":16,"column":null}}},"fnMap":{"0":{"name":"(anonymous_0)","decl":{"start":{"line":6,"column":13},"end":{"line":6,"column":30}},"loc":{"start":{"line":6,"column":76},"end":{"line":16,"column":null}},"line":6}},"branchMap":{"0":{"loc":{"start":{"line":10,"column":37},"end":{"line":10,"column":66}},"type":"binary-expr","locations":[{"start":{"line":10,"column":37},"end":{"line":10,"column":46}},{"start":{"line":10,"column":46},"end":{"line":10,"column":66}}],"line":10}},"s":{"0":3,"1":6},"f":{"0":6},"b":{"0":[6,1]},"meta":{"lastBranch":1,"lastFunction":1,"lastStatement":2,"seen":{"s:6:13:16:Infinity":0,"f:6:13:6:30":0,"s:7:2:16:Infinity":1,"b:10:37:10:46:10:46:10:66":0}}}
,"C:\\Users\\andre\\vscode\\Study\\React2026Q2\\rs-react-app\\src\\app\\providers\\error-boundary\\index.tsx": {"path":"C:\\Users\\andre\\vscode\\Study\\React2026Q2\\rs-react-app\\src\\app\\providers\\error-boundary\\index.tsx","statementMap":{"0":{"start":{"line":36,"column":2},"end":{"line":40,"column":null}},"1":{"start":{"line":18,"column":4},"end":{"line":18,"column":null}},"2":{"start":{"line":19,"column":4},"end":{"line":22,"column":null}},"3":{"start":{"line":26,"column":4},"end":{"line":29,"column":null}},"4":{"start":{"line":33,"column":4},"end":{"line":33,"column":null}},"5":{"start":{"line":37,"column":4},"end":{"line":40,"column":null}},"6":{"start":{"line":44,"column":32},"end":{"line":44,"column":null}},"7":{"start":{"line":46,"column":4},"end":{"line":48,"column":null}},"8":{"start":{"line":47,"column":6},"end":{"line":48,"column":null}},"9":{"start":{"line":52,"column":4},"end":{"line":52,"column":null}}},"fnMap":{"0":{"name":"(anonymous_0)","decl":{"start":{"line":17,"column":2},"end":{"line":17,"column":14}},"loc":{"start":{"line":17,"column":41},"end":{"line":22,"column":null}},"line":17},"1":{"name":"(anonymous_1)","decl":{"start":{"line":25,"column":9},"end":{"line":25,"column":34}},"loc":{"start":{"line":25,"column":68},"end":{"line":29,"column":null}},"line":25},"2":{"name":"(anonymous_2)","decl":{"start":{"line":32,"column":2},"end":{"line":32,"column":20}},"loc":{"start":{"line":32,"column":68},"end":{"line":33,"column":null}},"line":32},"3":{"name":"(anonymous_3)","decl":{"start":{"line":36,"column":2},"end":{"line":36,"column":27}},"loc":{"start":{"line":36,"column":27},"end":{"line":40,"column":null}},"line":36},"4":{"name":"(anonymous_4)","decl":{"start":{"line":43,"column":2},"end":{"line":43,"column":11}},"loc":{"start":{"line":43,"column":11},"end":{"line":52,"column":null}},"line":43}},"branchMap":{"0":{"loc":{"start":{"line":46,"column":4},"end":{"line":48,"column":null}},"type":"if","locations":[{"start":{"line":46,"column":4},"end":{"line":48,"column":null}},{"start":{},"end":{}}],"line":46}},"s":{"0":0,"1":2,"2":2,"3":1,"4":1,"5":0,"6":2,"7":2,"8":1,"9":1},"f":{"0":2,"1":2,"2":1,"3":0,"4":2},"b":{"0":[1,1]},"meta":{"lastBranch":1,"lastFunction":5,"lastStatement":10,"seen":{"s:36:2:40:Infinity":0,"f:17:2:17:14":0,"s:18:4:18:Infinity":1,"s:19:4:22:Infinity":2,"f:25:9:25:34":1,"s:26:4:29:Infinity":3,"f:32:2:32:20":2,"s:33:4:33:Infinity":4,"f:36:2:36:27":3,"s:37:4:40:Infinity":5,"f:43:2:43:11":4,"s:44:32:44:Infinity":6,"b:46:4:48:Infinity:undefined:undefined:undefined:undefined":0,"s:46:4:48:Infinity":7,"s:47:6:48:Infinity":8,"s:52:4:52:Infinity":9}}}
,"C:\\Users\\andre\\vscode\\Study\\React2026Q2\\rs-react-app\\src\\app\\router\\index.tsx": {"path":"C:\\Users\\andre\\vscode\\Study\\React2026Q2\\rs-react-app\\src\\app\\router\\index.tsx","statementMap":{"0":{"start":{"line":7,"column":13},"end":{"line":30,"column":null}}},"fnMap":{},"branchMap":{},"s":{"0":0},"f":{},"b":{},"meta":{"lastBranch":0,"lastFunction":0,"lastStatement":1,"seen":{"s:7:13:30:Infinity":0}}}
,"C:\\Users\\andre\\vscode\\Study\\React2026Q2\\rs-react-app\\src\\app\\ui\\index.ts": {"path":"C:\\Users\\andre\\vscode\\Study\\React2026Q2\\rs-react-app\\src\\app\\ui\\index.ts","statementMap":{},"fnMap":{},"branchMap":{},"s":{},"f":{},"b":{},"meta":{"lastBranch":0,"lastFunction":0,"lastStatement":0,"seen":{}}}
,"C:\\Users\\andre\\vscode\\Study\\React2026Q2\\rs-react-app\\src\\app\\ui\\footer\\index.tsx": {"path":"C:\\Users\\andre\\vscode\\Study\\React2026Q2\\rs-react-app\\src\\app\\ui\\footer\\index.tsx","statementMap":{"0":{"start":{"line":3,"column":13},"end":{"line":31,"column":null}},"1":{"start":{"line":4,"column":2},"end":{"line":31,"column":null}}},"fnMap":{"0":{"name":"(anonymous_0)","decl":{"start":{"line":3,"column":13},"end":{"line":3,"column":28}},"loc":{"start":{"line":3,"column":28},"end":{"line":31,"column":null}},"line":3}},"branchMap":{},"s":{"0":2,"1":5},"f":{"0":5},"b":{},"meta":{"lastBranch":0,"lastFunction":1,"lastStatement":2,"seen":{"s:3:13:31:Infinity":0,"f:3:13:3:28":0,"s:4:2:31:Infinity":1}}}
,"C:\\Users\\andre\\vscode\\Study\\React2026Q2\\rs-react-app\\src\\app\\ui\\header\\index.tsx": {"path":"C:\\Users\\andre\\vscode\\Study\\React2026Q2\\rs-react-app\\src\\app\\ui\\header\\index.tsx","statementMap":{"0":{"start":{"line":3,"column":13},"end":{"line":7,"column":null}},"1":{"start":{"line":4,"column":2},"end":{"line":7,"column":null}}},"fnMap":{"0":{"name":"(anonymous_0)","decl":{"start":{"line":3,"column":13},"end":{"line":3,"column":28}},"loc":{"start":{"line":3,"column":28},"end":{"line":7,"column":null}},"line":3}},"branchMap":{},"s":{"0":2,"1":5},"f":{"0":5},"b":{},"meta":{"lastBranch":0,"lastFunction":1,"lastStatement":2,"seen":{"s:3:13:7:Infinity":0,"f:3:13:3:28":0,"s:4:2:7:Infinity":1}}}
,"C:\\Users\\andre\\vscode\\Study\\React2026Q2\\rs-react-app\\src\\app\\ui\\header\\ui\\nav-links.tsx": {"path":"C:\\Users\\andre\\vscode\\Study\\React2026Q2\\rs-react-app\\src\\app\\ui\\header\\ui\\nav-links.tsx","statementMap":{"0":{"start":{"line":4,"column":13},"end":{"line":14,"column":null}},"1":{"start":{"line":5,"column":8},"end":{"line":6,"column":null}},"2":{"start":{"line":6,"column":4},"end":{"line":6,"column":null}},"3":{"start":{"line":7,"column":2},"end":{"line":14,"column":null}}},"fnMap":{"0":{"name":"(anonymous_0)","decl":{"start":{"line":4,"column":13},"end":{"line":4,"column":30}},"loc":{"start":{"line":4,"column":30},"end":{"line":14,"column":null}},"line":4},"1":{"name":"(anonymous_1)","decl":{"start":{"line":5,"column":8},"end":{"line":5,"column":20}},"loc":{"start":{"line":6,"column":4},"end":{"line":6,"column":null}},"line":6}},"branchMap":{"0":{"loc":{"start":{"line":6,"column":4},"end":{"line":6,"column":null}},"type":"cond-expr","locations":[{"start":{"line":6,"column":15},"end":{"line":6,"column":29}},{"start":{"line":6,"column":29},"end":{"line":6,"column":null}}],"line":6}},"s":{"0":2,"1":5,"2":10,"3":5},"f":{"0":5,"1":10},"b":{"0":[5,5]},"meta":{"lastBranch":1,"lastFunction":2,"lastStatement":4,"seen":{"s:4:13:14:Infinity":0,"f:4:13:4:30":0,"s:5:8:6:Infinity":1,"f:5:8:5:20":1,"s:6:4:6:Infinity":2,"b:6:15:6:29:6:29:6:Infinity":0,"s:7:2:14:Infinity":3}}}
,"C:\\Users\\andre\\vscode\\Study\\React2026Q2\\rs-react-app\\src\\pages\\index.ts": {"path":"C:\\Users\\andre\\vscode\\Study\\React2026Q2\\rs-react-app\\src\\pages\\index.ts","statementMap":{},"fnMap":{},"branchMap":{},"s":{},"f":{},"b":{},"meta":{"lastBranch":0,"lastFunction":0,"lastStatement":0,"seen":{}}}
,"C:\\Users\\andre\\vscode\\Study\\React2026Q2\\rs-react-app\\src\\pages\\about\\index.tsx": {"path":"C:\\Users\\andre\\vscode\\Study\\React2026Q2\\rs-react-app\\src\\pages\\about\\index.tsx","statementMap":{"0":{"start":{"line":1,"column":13},"end":{"line":26,"column":null}},"1":{"start":{"line":2,"column":2},"end":{"line":26,"column":null}}},"fnMap":{"0":{"name":"(anonymous_0)","decl":{"start":{"line":1,"column":13},"end":{"line":1,"column":27}},"loc":{"start":{"line":1,"column":27},"end":{"line":26,"column":null}},"line":1}},"branchMap":{},"s":{"0":1,"1":1},"f":{"0":1},"b":{},"meta":{"lastBranch":0,"lastFunction":1,"lastStatement":2,"seen":{"s:1:13:26:Infinity":0,"f:1:13:1:27":0,"s:2:2:26:Infinity":1}}}
,"C:\\Users\\andre\\vscode\\Study\\React2026Q2\\rs-react-app\\src\\pages\\dashboard\\index.tsx": {"path":"C:\\Users\\andre\\vscode\\Study\\React2026Q2\\rs-react-app\\src\\pages\\dashboard\\index.tsx","statementMap":{"0":{"start":{"line":11,"column":13},"end":{"line":85,"column":null}},"1":{"start":{"line":21,"column":4},"end":{"line":22,"column":22}},"2":{"start":{"line":31,"column":22},"end":{"line":32,"column":22}},"3":{"start":{"line":34,"column":2},"end":{"line":85,"column":null}},"4":{"start":{"line":50,"column":16},"end":{"line":54,"column":null}}},"fnMap":{"0":{"name":"(anonymous_0)","decl":{"start":{"line":11,"column":13},"end":{"line":11,"column":31}},"loc":{"start":{"line":11,"column":31},"end":{"line":85,"column":null}},"line":11},"1":{"name":"(anonymous_1)","decl":{"start":{"line":49,"column":25},"end":{"line":49,"column":30}},"loc":{"start":{"line":50,"column":16},"end":{"line":54,"column":null}},"line":50}},"branchMap":{"0":{"loc":{"start":{"line":43,"column":52},"end":{"line":43,"column":null}},"type":"cond-expr","locations":[{"start":{"line":43,"column":68},"end":{"line":43,"column":78}},{"start":{"line":43,"column":78},"end":{"line":43,"column":null}}],"line":43},"1":{"loc":{"start":{"line":45,"column":11},"end":{"line":47,"column":null}},"type":"binary-expr","locations":[{"start":{"line":45,"column":11},"end":{"line":45,"column":24}},{"start":{"line":45,"column":24},"end":{"line":47,"column":null}}],"line":45},"2":{"loc":{"start":{"line":47,"column":11},"end":{"line":56,"column":null}},"type":"binary-expr","locations":[{"start":{"line":47,"column":11},"end":{"line":47,"column":null}},{"start":{"line":48,"column":12},"end":{"line":56,"column":null}}],"line":47},"3":{"loc":{"start":{"line":60,"column":9},"end":{"line":71,"column":null}},"type":"binary-expr","locations":[{"start":{"line":60,"column":9},"end":{"line":60,"column":19}},{"start":{"line":60,"column":19},"end":{"line":60,"column":null}},{"start":{"line":61,"column":10},"end":{"line":71,"column":null}}],"line":60},"4":{"loc":{"start":{"line":62,"column":13},"end":{"line":62,"column":null}},"type":"binary-expr","locations":[{"start":{"line":62,"column":13},"end":{"line":62,"column":33}},{"start":{"line":62,"column":33},"end":{"line":62,"column":null}}],"line":62},"5":{"loc":{"start":{"line":63,"column":13},"end":{"line":67,"column":null}},"type":"binary-expr","locations":[{"start":{"line":63,"column":13},"end":{"line":63,"column":29}},{"start":{"line":63,"column":29},"end":{"line":63,"column":null}},{"start":{"line":64,"column":14},"end":{"line":67,"column":null}}],"line":63},"6":{"loc":{"start":{"line":70,"column":13},"end":{"line":71,"column":null}},"type":"binary-expr","locations":[{"start":{"line":70,"column":13},"end":{"line":70,"column":28}},{"start":{"line":70,"column":28},"end":{"line":70,"column":49}},{"start":{"line":70,"column":49},"end":{"line":70,"column":null}},{"start":{"line":71,"column":14},"end":{"line":71,"column":null}}],"line":70},"7":{"loc":{"start":{"line":77,"column":7},"end":{"line":77,"column":null}},"type":"binary-expr","locations":[{"start":{"line":77,"column":7},"end":{"line":77,"column":16}},{"start":{"line":77,"column":16},"end":{"line":77,"column":null}}],"line":77}},"s":{"0":1,"1":56,"2":56,"3":56,"4":99},"f":{"0":56,"1":99},"b":{"0":[8,48],"1":[56,23],"2":[56,36],"3":[56,53,8],"4":[8,3],"5":[8,1,1],"6":[8,4,4,4],"7":[56,3]},"meta":{"lastBranch":8,"lastFunction":2,"lastStatement":5,"seen":{"s:11:13:85:Infinity":0,"f:11:13:11:31":0,"s:21:4:22:22":1,"s:31:22:32:22":2,"s:34:2:85:Infinity":3,"b:43:68:43:78:43:78:43:Infinity":0,"b:45:11:45:24:45:24:47:Infinity":1,"b:47:11:47:Infinity:48:12:56:Infinity":2,"f:49:25:49:30":1,"s:50:16:54:Infinity":4,"b:60:9:60:19:60:19:60:Infinity:61:10:71:Infinity":3,"b:62:13:62:33:62:33:62:Infinity":4,"b:63:13:63:29:63:29:63:Infinity:64:14:67:Infinity":5,"b:70:13:70:28:70:28:70:49:70:49:70:Infinity:71:14:71:Infinity":6,"b:77:7:77:16:77:16:77:Infinity":7}}}
,"C:\\Users\\andre\\vscode\\Study\\React2026Q2\\rs-react-app\\src\\pages\\dashboard\\hooks\\use-data-details.ts": {"path":"C:\\Users\\andre\\vscode\\Study\\React2026Q2\\rs-react-app\\src\\pages\\dashboard\\hooks\\use-data-details.ts","statementMap":{"0":{"start":{"line":16,"column":13},"end":{"line":64,"column":null}},"1":{"start":{"line":17,"column":23},"end":{"line":17,"column":59}},"2":{"start":{"line":18,"column":24},"end":{"line":18,"column":59}},"3":{"start":{"line":19,"column":20},"end":{"line":19,"column":51}},"4":{"start":{"line":20,"column":22},"end":{"line":20,"column":73}},"5":{"start":{"line":21,"column":16},"end":{"line":21,"column":57}},"6":{"start":{"line":23,"column":21},"end":{"line":38,"column":null}},"7":{"start":{"line":24,"column":4},"end":{"line":24,"column":null}},"8":{"start":{"line":25,"column":4},"end":{"line":25,"column":null}},"9":{"start":{"line":26,"column":4},"end":{"line":26,"column":null}},"10":{"start":{"line":28,"column":4},"end":{"line":38,"column":null}},"11":{"start":{"line":29,"column":19},"end":{"line":29,"column":45}},"12":{"start":{"line":30,"column":6},"end":{"line":30,"column":null}},"13":{"start":{"line":31,"column":24},"end":{"line":31,"column":57}},"14":{"start":{"line":32,"column":6},"end":{"line":32,"column":null}},"15":{"start":{"line":33,"column":6},"end":{"line":33,"column":null}},"16":{"start":{"line":35,"column":6},"end":{"line":35,"column":null}},"17":{"start":{"line":36,"column":6},"end":{"line":36,"column":null}},"18":{"start":{"line":38,"column":6},"end":{"line":38,"column":null}},"19":{"start":{"line":42,"column":8},"end":{"line":48,"column":null}},"20":{"start":{"line":43,"column":22},"end":{"line":43,"column":55}},"21":{"start":{"line":44,"column":4},"end":{"line":44,"column":null}},"22":{"start":{"line":45,"column":4},"end":{"line":45,"column":null}},"23":{"start":{"line":46,"column":4},"end":{"line":46,"column":null}},"24":{"start":{"line":47,"column":4},"end":{"line":47,"column":null}},"25":{"start":{"line":48,"column":4},"end":{"line":48,"column":null}},"26":{"start":{"line":51,"column":8},"end":{"line":53,"column":null}},"27":{"start":{"line":52,"column":4},"end":{"line":52,"column":null}},"28":{"start":{"line":53,"column":4},"end":{"line":53,"column":null}},"29":{"start":{"line":56,"column":2},"end":{"line":64,"column":null}}},"fnMap":{"0":{"name":"(anonymous_0)","decl":{"start":{"line":16,"column":13},"end":{"line":16,"column":58}},"loc":{"start":{"line":16,"column":58},"end":{"line":64,"column":null}},"line":16},"1":{"name":"(anonymous_1)","decl":{"start":{"line":23,"column":21},"end":{"line":23,"column":28}},"loc":{"start":{"line":23,"column":46},"end":{"line":38,"column":null}},"line":23},"2":{"name":"(anonymous_2)","decl":{"start":{"line":42,"column":8},"end":{"line":42,"column":28}},"loc":{"start":{"line":42,"column":28},"end":{"line":48,"column":null}},"line":42},"3":{"name":"(anonymous_3)","decl":{"start":{"line":51,"column":8},"end":{"line":51,"column":33}},"loc":{"start":{"line":51,"column":33},"end":{"line":53,"column":null}},"line":51}},"branchMap":{"0":{"loc":{"start":{"line":35,"column":15},"end":{"line":35,"column":73}},"type":"cond-expr","locations":[{"start":{"line":35,"column":40},"end":{"line":35,"column":56}},{"start":{"line":35,"column":56},"end":{"line":35,"column":73}}],"line":35}},"s":{"0":1,"1":56,"2":56,"3":56,"4":56,"5":56,"6":56,"7":3,"8":3,"9":3,"10":3,"11":3,"12":2,"13":2,"14":2,"15":2,"16":1,"17":1,"18":3,"19":56,"20":1,"21":1,"22":1,"23":1,"24":1,"25":1,"26":56,"27":0,"28":0,"29":56},"f":{"0":56,"1":3,"2":1,"3":0},"b":{"0":[1,0]},"meta":{"lastBranch":1,"lastFunction":4,"lastStatement":30,"seen":{"s:16:13:64:Infinity":0,"f:16:13:16:58":0,"s:17:23:17:59":1,"s:18:24:18:59":2,"s:19:20:19:51":3,"s:20:22:20:73":4,"s:21:16:21:57":5,"s:23:21:38:Infinity":6,"f:23:21:23:28":1,"s:24:4:24:Infinity":7,"s:25:4:25:Infinity":8,"s:26:4:26:Infinity":9,"s:28:4:38:Infinity":10,"s:29:19:29:45":11,"s:30:6:30:Infinity":12,"s:31:24:31:57":13,"s:32:6:32:Infinity":14,"s:33:6:33:Infinity":15,"s:35:6:35:Infinity":16,"b:35:40:35:56:35:56:35:73":0,"s:36:6:36:Infinity":17,"s:38:6:38:Infinity":18,"s:42:8:48:Infinity":19,"f:42:8:42:28":2,"s:43:22:43:55":20,"s:44:4:44:Infinity":21,"s:45:4:45:Infinity":22,"s:46:4:46:Infinity":23,"s:47:4:47:Infinity":24,"s:48:4:48:Infinity":25,"s:51:8:53:Infinity":26,"f:51:8:51:33":3,"s:52:4:52:Infinity":27,"s:53:4:53:Infinity":28,"s:56:2:64:Infinity":29}}}
,"C:\\Users\\andre\\vscode\\Study\\React2026Q2\\rs-react-app\\src\\pages\\dashboard\\hooks\\use-data-loading.ts": {"path":"C:\\Users\\andre\\vscode\\Study\\React2026Q2\\rs-react-app\\src\\pages\\dashboard\\hooks\\use-data-loading.ts","statementMap":{"0":{"start":{"line":20,"column":13},"end":{"line":113,"column":null}},"1":{"start":{"line":21,"column":22},"end":{"line":21,"column":74}},"2":{"start":{"line":22,"column":15},"end":{"line":22,"column":60}},"3":{"start":{"line":23,"column":20},"end":{"line":23,"column":68}},"4":{"start":{"line":24,"column":20},"end":{"line":24,"column":50}},"5":{"start":{"line":25,"column":16},"end":{"line":25,"column":57}},"6":{"start":{"line":26,"column":21},"end":{"line":26,"column":57}},"7":{"start":{"line":27,"column":16},"end":{"line":27,"column":null}},"8":{"start":{"line":29,"column":23},"end":{"line":29,"column":64}},"9":{"start":{"line":31,"column":8},"end":{"line":31,"column":null}},"10":{"start":{"line":33,"column":2},"end":{"line":35,"column":null}},"11":{"start":{"line":34,"column":4},"end":{"line":34,"column":null}},"12":{"start":{"line":37,"column":8},"end":{"line":41,"column":null}},"13":{"start":{"line":38,"column":4},"end":{"line":41,"column":null}},"14":{"start":{"line":39,"column":6},"end":{"line":39,"column":null}},"15":{"start":{"line":41,"column":6},"end":{"line":41,"column":null}},"16":{"start":{"line":45,"column":20},"end":{"line":61,"column":null}},"17":{"start":{"line":46,"column":4},"end":{"line":46,"column":null}},"18":{"start":{"line":47,"column":4},"end":{"line":47,"column":null}},"19":{"start":{"line":48,"column":4},"end":{"line":61,"column":null}},"20":{"start":{"line":49,"column":19},"end":{"line":49,"column":56}},"21":{"start":{"line":50,"column":6},"end":{"line":50,"column":null}},"22":{"start":{"line":51,"column":6},"end":{"line":51,"column":null}},"23":{"start":{"line":53,"column":25},"end":{"line":53,"column":54}},"24":{"start":{"line":55,"column":6},"end":{"line":55,"column":null}},"25":{"start":{"line":57,"column":6},"end":{"line":57,"column":null}},"26":{"start":{"line":58,"column":6},"end":{"line":58,"column":null}},"27":{"start":{"line":59,"column":6},"end":{"line":59,"column":null}},"28":{"start":{"line":61,"column":6},"end":{"line":61,"column":null}},"29":{"start":{"line":65,"column":21},"end":{"line":82,"column":null}},"30":{"start":{"line":66,"column":4},"end":{"line":68,"column":null}},"31":{"start":{"line":67,"column":6},"end":{"line":67,"column":null}},"32":{"start":{"line":68,"column":6},"end":{"line":68,"column":null}},"33":{"start":{"line":71,"column":4},"end":{"line":71,"column":null}},"34":{"start":{"line":72,"column":4},"end":{"line":72,"column":null}},"35":{"start":{"line":73,"column":4},"end":{"line":82,"column":null}},"36":{"start":{"line":74,"column":19},"end":{"line":74,"column":45}},"37":{"start":{"line":75,"column":6},"end":{"line":75,"column":null}},"38":{"start":{"line":76,"column":6},"end":{"line":76,"column":null}},"39":{"start":{"line":78,"column":6},"end":{"line":78,"column":null}},"40":{"start":{"line":79,"column":6},"end":{"line":79,"column":null}},"41":{"start":{"line":80,"column":6},"end":{"line":80,"column":null}},"42":{"start":{"line":82,"column":6},"end":{"line":82,"column":null}},"43":{"start":{"line":86,"column":8},"end":{"line":93,"column":null}},"44":{"start":{"line":87,"column":25},"end":{"line":87,"column":57}},"45":{"start":{"line":88,"column":4},"end":{"line":88,"column":null}},"46":{"start":{"line":90,"column":4},"end":{"line":93,"column":null}},"47":{"start":{"line":91,"column":6},"end":{"line":91,"column":null}},"48":{"start":{"line":93,"column":6},"end":{"line":93,"column":null}},"49":{"start":{"line":97,"column":8},"end":{"line":99,"column":null}},"50":{"start":{"line":98,"column":4},"end":{"line":98,"column":null}},"51":{"start":{"line":99,"column":4},"end":{"line":99,"column":null}},"52":{"start":{"line":102,"column":2},"end":{"line":113,"column":null}}},"fnMap":{"0":{"name":"(anonymous_0)","decl":{"start":{"line":20,"column":13},"end":{"line":20,"column":51}},"loc":{"start":{"line":20,"column":51},"end":{"line":113,"column":null}},"line":20},"1":{"name":"(anonymous_1)","decl":{"start":{"line":33,"column":2},"end":{"line":33,"column":18}},"loc":{"start":{"line":33,"column":18},"end":{"line":35,"column":6}},"line":33},"2":{"name":"(anonymous_2)","decl":{"start":{"line":37,"column":8},"end":{"line":37,"column":32}},"loc":{"start":{"line":37,"column":32},"end":{"line":41,"column":null}},"line":37},"3":{"name":"(anonymous_3)","decl":{"start":{"line":45,"column":20},"end":{"line":45,"column":32}},"loc":{"start":{"line":45,"column":32},"end":{"line":61,"column":null}},"line":45},"4":{"name":"(anonymous_4)","decl":{"start":{"line":65,"column":21},"end":{"line":65,"column":28}},"loc":{"start":{"line":65,"column":46},"end":{"line":82,"column":null}},"line":65},"5":{"name":"(anonymous_5)","decl":{"start":{"line":86,"column":8},"end":{"line":86,"column":24}},"loc":{"start":{"line":86,"column":42},"end":{"line":93,"column":null}},"line":86},"6":{"name":"(anonymous_6)","decl":{"start":{"line":97,"column":8},"end":{"line":97,"column":39}},"loc":{"start":{"line":97,"column":39},"end":{"line":99,"column":null}},"line":97}},"branchMap":{"0":{"loc":{"start":{"line":38,"column":4},"end":{"line":41,"column":null}},"type":"if","locations":[{"start":{"line":38,"column":4},"end":{"line":41,"column":null}},{"start":{"line":40,"column":11},"end":{"line":41,"column":null}}],"line":38},"1":{"loc":{"start":{"line":59,"column":15},"end":{"line":59,"column":72}},"type":"cond-expr","locations":[{"start":{"line":59,"column":40},"end":{"line":59,"column":56}},{"start":{"line":59,"column":56},"end":{"line":59,"column":72}}],"line":59},"2":{"loc":{"start":{"line":66,"column":4},"end":{"line":68,"column":null}},"type":"if","locations":[{"start":{"line":66,"column":4},"end":{"line":68,"column":null}},{"start":{},"end":{}}],"line":66},"3":{"loc":{"start":{"line":80,"column":15},"end":{"line":80,"column":73}},"type":"cond-expr","locations":[{"start":{"line":80,"column":40},"end":{"line":80,"column":56}},{"start":{"line":80,"column":56},"end":{"line":80,"column":73}}],"line":80},"4":{"loc":{"start":{"line":90,"column":4},"end":{"line":93,"column":null}},"type":"if","locations":[{"start":{"line":90,"column":4},"end":{"line":93,"column":null}},{"start":{"line":92,"column":11},"end":{"line":93,"column":null}}],"line":90}},"s":{"0":1,"1":56,"2":56,"3":56,"4":56,"5":56,"6":56,"7":56,"8":56,"9":56,"10":56,"11":17,"12":56,"13":18,"14":1,"15":17,"16":56,"17":18,"18":18,"19":18,"20":18,"21":15,"22":15,"23":15,"24":15,"25":2,"26":2,"27":2,"28":17,"29":56,"30":5,"31":0,"32":0,"33":5,"34":5,"35":5,"36":5,"37":4,"38":4,"39":1,"40":1,"41":1,"42":5,"43":56,"44":5,"45":5,"46":5,"47":4,"48":1,"49":56,"50":1,"51":1,"52":56},"f":{"0":56,"1":17,"2":18,"3":18,"4":5,"5":5,"6":1},"b":{"0":[1,17],"1":[2,0],"2":[0,5],"3":[1,0],"4":[4,1]},"meta":{"lastBranch":5,"lastFunction":7,"lastStatement":53,"seen":{"s:20:13:113:Infinity":0,"f:20:13:20:51":0,"s:21:22:21:74":1,"s:22:15:22:60":2,"s:23:20:23:68":3,"s:24:20:24:50":4,"s:25:16:25:57":5,"s:26:21:26:57":6,"s:27:16:27:Infinity":7,"s:29:23:29:64":8,"s:31:8:31:Infinity":9,"s:33:2:35:Infinity":10,"f:33:2:33:18":1,"s:34:4:34:Infinity":11,"s:37:8:41:Infinity":12,"f:37:8:37:32":2,"b:38:4:41:Infinity:40:11:41:Infinity":0,"s:38:4:41:Infinity":13,"s:39:6:39:Infinity":14,"s:41:6:41:Infinity":15,"s:45:20:61:Infinity":16,"f:45:20:45:32":3,"s:46:4:46:Infinity":17,"s:47:4:47:Infinity":18,"s:48:4:61:Infinity":19,"s:49:19:49:56":20,"s:50:6:50:Infinity":21,"s:51:6:51:Infinity":22,"s:53:25:53:54":23,"s:55:6:55:Infinity":24,"s:57:6:57:Infinity":25,"s:58:6:58:Infinity":26,"s:59:6:59:Infinity":27,"b:59:40:59:56:59:56:59:72":1,"s:61:6:61:Infinity":28,"s:65:21:82:Infinity":29,"f:65:21:65:28":4,"b:66:4:68:Infinity:undefined:undefined:undefined:undefined":2,"s:66:4:68:Infinity":30,"s:67:6:67:Infinity":31,"s:68:6:68:Infinity":32,"s:71:4:71:Infinity":33,"s:72:4:72:Infinity":34,"s:73:4:82:Infinity":35,"s:74:19:74:45":36,"s:75:6:75:Infinity":37,"s:76:6:76:Infinity":38,"s:78:6:78:Infinity":39,"s:79:6:79:Infinity":40,"s:80:6:80:Infinity":41,"b:80:40:80:56:80:56:80:73":3,"s:82:6:82:Infinity":42,"s:86:8:93:Infinity":43,"f:86:8:86:24":5,"s:87:25:87:57":44,"s:88:4:88:Infinity":45,"b:90:4:93:Infinity:92:11:93:Infinity":4,"s:90:4:93:Infinity":46,"s:91:6:91:Infinity":47,"s:93:6:93:Infinity":48,"s:97:8:99:Infinity":49,"f:97:8:97:39":6,"s:98:4:98:Infinity":50,"s:99:4:99:Infinity":51,"s:102:2:113:Infinity":52}}}
,"C:\\Users\\andre\\vscode\\Study\\React2026Q2\\rs-react-app\\src\\pages\\dashboard\\ui\\card\\card.tsx": {"path":"C:\\Users\\andre\\vscode\\Study\\React2026Q2\\rs-react-app\\src\\pages\\dashboard\\ui\\card\\card.tsx","statementMap":{"0":{"start":{"line":6,"column":13},"end":{"line":15,"column":null}},"1":{"start":{"line":7,"column":2},"end":{"line":15,"column":null}},"2":{"start":{"line":12,"column":23},"end":{"line":12,"column":39}}},"fnMap":{"0":{"name":"(anonymous_0)","decl":{"start":{"line":6,"column":13},"end":{"line":6,"column":21}},"loc":{"start":{"line":6,"column":57},"end":{"line":15,"column":null}},"line":6},"1":{"name":"(anonymous_1)","decl":{"start":{"line":12,"column":8},"end":{"line":12,"column":23}},"loc":{"start":{"line":12,"column":23},"end":{"line":12,"column":39}},"line":12}},"branchMap":{},"s":{"0":1,"1":99,"2":3},"f":{"0":99,"1":3},"b":{},"meta":{"lastBranch":0,"lastFunction":2,"lastStatement":3,"seen":{"s:6:13:15:Infinity":0,"f:6:13:6:21":0,"s:7:2:15:Infinity":1,"f:12:8:12:23":1,"s:12:23:12:39":2}}}
,"C:\\Users\\andre\\vscode\\Study\\React2026Q2\\rs-react-app\\src\\pages\\dashboard\\ui\\card-details\\index.tsx": {"path":"C:\\Users\\andre\\vscode\\Study\\React2026Q2\\rs-react-app\\src\\pages\\dashboard\\ui\\card-details\\index.tsx","statementMap":{"0":{"start":{"line":9,"column":13},"end":{"line":46,"column":null}},"1":{"start":{"line":10,"column":48},"end":{"line":10,"column":null}},"2":{"start":{"line":11,"column":2},"end":{"line":46,"column":null}}},"fnMap":{"0":{"name":"(anonymous_0)","decl":{"start":{"line":9,"column":13},"end":{"line":9,"column":28}},"loc":{"start":{"line":9,"column":72},"end":{"line":46,"column":null}},"line":9}},"branchMap":{},"s":{"0":2,"1":6,"2":6},"f":{"0":6},"b":{},"meta":{"lastBranch":0,"lastFunction":1,"lastStatement":3,"seen":{"s:9:13:46:Infinity":0,"f:9:13:9:28":0,"s:10:48:10:Infinity":1,"s:11:2:46:Infinity":2}}}
,"C:\\Users\\andre\\vscode\\Study\\React2026Q2\\rs-react-app\\src\\pages\\dashboard\\ui\\search-bar\\index.tsx": {"path":"C:\\Users\\andre\\vscode\\Study\\React2026Q2\\rs-react-app\\src\\pages\\dashboard\\ui\\search-bar\\index.tsx","statementMap":{"0":{"start":{"line":11,"column":13},"end":{"line":41,"column":null}},"1":{"start":{"line":17,"column":16},"end":{"line":17,"column":56}},"2":{"start":{"line":19,"column":8},"end":{"line":20,"column":null}},"3":{"start":{"line":20,"column":4},"end":{"line":20,"column":null}},"4":{"start":{"line":23,"column":8},"end":{"line":24,"column":null}},"5":{"start":{"line":24,"column":4},"end":{"line":24,"column":null}},"6":{"start":{"line":26,"column":2},"end":{"line":41,"column":null}}},"fnMap":{"0":{"name":"(anonymous_0)","decl":{"start":{"line":11,"column":13},"end":{"line":11,"column":26}},"loc":{"start":{"line":16,"column":22},"end":{"line":41,"column":null}},"line":16},"1":{"name":"(anonymous_1)","decl":{"start":{"line":19,"column":8},"end":{"line":19,"column":29}},"loc":{"start":{"line":19,"column":29},"end":{"line":20,"column":null}},"line":19},"2":{"name":"(anonymous_2)","decl":{"start":{"line":23,"column":8},"end":{"line":23,"column":24}},"loc":{"start":{"line":23,"column":42},"end":{"line":24,"column":null}},"line":23}},"branchMap":{"0":{"loc":{"start":{"line":17,"column":37},"end":{"line":17,"column":56}},"type":"binary-expr","locations":[{"start":{"line":17,"column":37},"end":{"line":17,"column":53}},{"start":{"line":17,"column":53},"end":{"line":17,"column":56}}],"line":17},"1":{"loc":{"start":{"line":37,"column":18},"end":{"line":37,"column":43}},"type":"binary-expr","locations":[{"start":{"line":37,"column":18},"end":{"line":37,"column":30}},{"start":{"line":37,"column":30},"end":{"line":37,"column":43}}],"line":37}},"s":{"0":1,"1":95,"2":95,"3":5,"4":95,"5":39,"6":95},"f":{"0":95,"1":5,"2":39},"b":{"0":[95,85],"1":[95,95]},"meta":{"lastBranch":2,"lastFunction":3,"lastStatement":7,"seen":{"s:11:13:41:Infinity":0,"f:11:13:11:26":0,"s:17:16:17:56":1,"b:17:37:17:53:17:53:17:56":0,"s:19:8:20:Infinity":2,"f:19:8:19:29":1,"s:20:4:20:Infinity":3,"s:23:8:24:Infinity":4,"f:23:8:23:24":2,"s:24:4:24:Infinity":5,"s:26:2:41:Infinity":6,"b:37:18:37:30:37:30:37:43":1}}}
,"C:\\Users\\andre\\vscode\\Study\\React2026Q2\\rs-react-app\\src\\pages\\dashboard\\ui\\test-error-button\\index.tsx": {"path":"C:\\Users\\andre\\vscode\\Study\\React2026Q2\\rs-react-app\\src\\pages\\dashboard\\ui\\test-error-button\\index.tsx","statementMap":{"0":{"start":{"line":8,"column":13},"end":{"line":26,"column":null}},"1":{"start":{"line":9,"column":27},"end":{"line":9,"column":65}},"2":{"start":{"line":11,"column":2},"end":{"line":15,"column":null}},"3":{"start":{"line":12,"column":4},"end":{"line":13,"column":null}},"4":{"start":{"line":13,"column":6},"end":{"line":13,"column":null}},"5":{"start":{"line":17,"column":8},"end":{"line":19,"column":null}},"6":{"start":{"line":18,"column":4},"end":{"line":18,"column":null}},"7":{"start":{"line":19,"column":4},"end":{"line":19,"column":null}},"8":{"start":{"line":21,"column":2},"end":{"line":26,"column":null}}},"fnMap":{"0":{"name":"(anonymous_0)","decl":{"start":{"line":8,"column":13},"end":{"line":8,"column":32}},"loc":{"start":{"line":8,"column":70},"end":{"line":26,"column":null}},"line":8},"1":{"name":"(anonymous_1)","decl":{"start":{"line":11,"column":2},"end":{"line":11,"column":18}},"loc":{"start":{"line":11,"column":18},"end":{"line":15,"column":6}},"line":11},"2":{"name":"(anonymous_2)","decl":{"start":{"line":17,"column":8},"end":{"line":17,"column":41}},"loc":{"start":{"line":17,"column":41},"end":{"line":19,"column":null}},"line":17}},"branchMap":{"0":{"loc":{"start":{"line":12,"column":4},"end":{"line":13,"column":null}},"type":"if","locations":[{"start":{"line":12,"column":4},"end":{"line":13,"column":null}},{"start":{},"end":{}}],"line":12}},"s":{"0":2,"1":59,"2":59,"3":19,"4":1,"5":59,"6":1,"7":1,"8":59},"f":{"0":59,"1":19,"2":1},"b":{"0":[1,18]},"meta":{"lastBranch":1,"lastFunction":3,"lastStatement":9,"seen":{"s:8:13:26:Infinity":0,"f:8:13:8:32":0,"s:9:27:9:65":1,"s:11:2:15:Infinity":2,"f:11:2:11:18":1,"b:12:4:13:Infinity:undefined:undefined:undefined:undefined":0,"s:12:4:13:Infinity":3,"s:13:6:13:Infinity":4,"s:17:8:19:Infinity":5,"f:17:8:17:41":2,"s:18:4:18:Infinity":6,"s:19:4:19:Infinity":7,"s:21:2:26:Infinity":8}}}
,"C:\\Users\\andre\\vscode\\Study\\React2026Q2\\rs-react-app\\src\\pages\\not-found\\index.tsx": {"path":"C:\\Users\\andre\\vscode\\Study\\React2026Q2\\rs-react-app\\src\\pages\\not-found\\index.tsx","statementMap":{"0":{"start":{"line":4,"column":13},"end":{"line":14,"column":null}},"1":{"start":{"line":5,"column":2},"end":{"line":14,"column":null}}},"fnMap":{"0":{"name":"(anonymous_0)","decl":{"start":{"line":4,"column":13},"end":{"line":4,"column":30}},"loc":{"start":{"line":4,"column":30},"end":{"line":14,"column":null}},"line":4}},"branchMap":{},"s":{"0":1,"1":1},"f":{"0":1},"b":{},"meta":{"lastBranch":0,"lastFunction":1,"lastStatement":2,"seen":{"s:4:13:14:Infinity":0,"f:4:13:4:30":0,"s:5:2:14:Infinity":1}}}
,"C:\\Users\\andre\\vscode\\Study\\React2026Q2\\rs-react-app\\src\\shared\\api\\index.ts": {"path":"C:\\Users\\andre\\vscode\\Study\\React2026Q2\\rs-react-app\\src\\shared\\api\\index.ts","statementMap":{"0":{"start":{"line":3,"column":32},"end":{"line":17,"column":null}},"1":{"start":{"line":7,"column":19},"end":{"line":8,"column":null}},"2":{"start":{"line":11,"column":2},"end":{"line":12,"column":null}},"3":{"start":{"line":12,"column":4},"end":{"line":12,"column":null}},"4":{"start":{"line":15,"column":28},"end":{"line":15,"column":49}},"5":{"start":{"line":17,"column":2},"end":{"line":17,"column":null}},"6":{"start":{"line":20,"column":29},"end":{"line":28,"column":null}},"7":{"start":{"line":21,"column":19},"end":{"line":21,"column":76}},"8":{"start":{"line":23,"column":2},"end":{"line":24,"column":null}},"9":{"start":{"line":24,"column":4},"end":{"line":24,"column":null}},"10":{"start":{"line":27,"column":27},"end":{"line":27,"column":48}},"11":{"start":{"line":28,"column":2},"end":{"line":28,"column":null}}},"fnMap":{"0":{"name":"(anonymous_0)","decl":{"start":{"line":3,"column":32},"end":{"line":3,"column":null}},"loc":{"start":{"line":6,"column":27},"end":{"line":17,"column":null}},"line":6},"1":{"name":"(anonymous_1)","decl":{"start":{"line":20,"column":29},"end":{"line":20,"column":36}},"loc":{"start":{"line":20,"column":75},"end":{"line":28,"column":null}},"line":20}},"branchMap":{"0":{"loc":{"start":{"line":4,"column":2},"end":{"line":4,"column":null}},"type":"default-arg","locations":[{"start":{"line":4,"column":18},"end":{"line":4,"column":null}}],"line":4},"1":{"loc":{"start":{"line":5,"column":2},"end":{"line":5,"column":null}},"type":"default-arg","locations":[{"start":{"line":5,"column":19},"end":{"line":5,"column":null}}],"line":5},"2":{"loc":{"start":{"line":11,"column":2},"end":{"line":12,"column":null}},"type":"if","locations":[{"start":{"line":11,"column":2},"end":{"line":12,"column":null}},{"start":{},"end":{}}],"line":11},"3":{"loc":{"start":{"line":23,"column":2},"end":{"line":24,"column":null}},"type":"if","locations":[{"start":{"line":23,"column":2},"end":{"line":24,"column":null}},{"start":{},"end":{}}],"line":23}},"s":{"0":0,"1":0,"2":0,"3":0,"4":0,"5":0,"6":0,"7":0,"8":0,"9":0,"10":0,"11":0},"f":{"0":0,"1":0},"b":{"0":[0],"1":[0],"2":[0,0],"3":[0,0]},"meta":{"lastBranch":4,"lastFunction":2,"lastStatement":12,"seen":{"s:3:32:17:Infinity":0,"f:3:32:3:Infinity":0,"b:4:18:4:Infinity":0,"b:5:19:5:Infinity":1,"s:7:19:8:Infinity":1,"b:11:2:12:Infinity:undefined:undefined:undefined:undefined":2,"s:11:2:12:Infinity":2,"s:12:4:12:Infinity":3,"s:15:28:15:49":4,"s:17:2:17:Infinity":5,"s:20:29:28:Infinity":6,"f:20:29:20:36":1,"s:21:19:21:76":7,"b:23:2:24:Infinity:undefined:undefined:undefined:undefined":3,"s:23:2:24:Infinity":8,"s:24:4:24:Infinity":9,"s:27:27:27:48":10,"s:28:2:28:Infinity":11}}}
,"C:\\Users\\andre\\vscode\\Study\\React2026Q2\\rs-react-app\\src\\shared\\assets\\icons\\index.ts": {"path":"C:\\Users\\andre\\vscode\\Study\\React2026Q2\\rs-react-app\\src\\shared\\assets\\icons\\index.ts","statementMap":{},"fnMap":{},"branchMap":{},"s":{},"f":{},"b":{},"meta":{"lastBranch":0,"lastFunction":0,"lastStatement":0,"seen":{}}}
,"C:\\Users\\andre\\vscode\\Study\\React2026Q2\\rs-react-app\\src\\shared\\config\\index.ts": {"path":"C:\\Users\\andre\\vscode\\Study\\React2026Q2\\rs-react-app\\src\\shared\\config\\index.ts","statementMap":{},"fnMap":{},"branchMap":{},"s":{},"f":{},"b":{},"meta":{"lastBranch":0,"lastFunction":0,"lastStatement":0,"seen":{}}}
,"C:\\Users\\andre\\vscode\\Study\\React2026Q2\\rs-react-app\\src\\shared\\config\\routes.ts": {"path":"C:\\Users\\andre\\vscode\\Study\\React2026Q2\\rs-react-app\\src\\shared\\config\\routes.ts","statementMap":{"0":{"start":{"line":1,"column":22},"end":{"line":5,"column":null}}},"fnMap":{},"branchMap":{},"s":{"0":3},"f":{},"b":{},"meta":{"lastBranch":0,"lastFunction":0,"lastStatement":1,"seen":{"s:1:22:5:Infinity":0}}}
,"C:\\Users\\andre\\vscode\\Study\\React2026Q2\\rs-react-app\\src\\shared\\hooks\\index.ts": {"path":"C:\\Users\\andre\\vscode\\Study\\React2026Q2\\rs-react-app\\src\\shared\\hooks\\index.ts","statementMap":{},"fnMap":{},"branchMap":{},"s":{},"f":{},"b":{},"meta":{"lastBranch":0,"lastFunction":0,"lastStatement":0,"seen":{}}}
,"C:\\Users\\andre\\vscode\\Study\\React2026Q2\\rs-react-app\\src\\shared\\hooks\\use-localstorage.ts": {"path":"C:\\Users\\andre\\vscode\\Study\\React2026Q2\\rs-react-app\\src\\shared\\hooks\\use-localstorage.ts","statementMap":{"0":{"start":{"line":3,"column":13},"end":{"line":19,"column":null}},"1":{"start":{"line":4,"column":16},"end":{"line":13,"column":null}},"2":{"start":{"line":6,"column":4},"end":{"line":9,"column":null}},"3":{"start":{"line":7,"column":6},"end":{"line":7,"column":null}},"4":{"start":{"line":9,"column":6},"end":{"line":9,"column":null}},"5":{"start":{"line":12,"column":4},"end":{"line":12,"column":null}},"6":{"start":{"line":15,"column":2},"end":{"line":17,"column":null}},"7":{"start":{"line":16,"column":4},"end":{"line":16,"column":null}},"8":{"start":{"line":19,"column":2},"end":{"line":19,"column":null}}},"fnMap":{"0":{"name":"(anonymous_0)","decl":{"start":{"line":3,"column":13},"end":{"line":3,"column":32}},"loc":{"start":{"line":3,"column":70},"end":{"line":19,"column":null}},"line":3},"1":{"name":"(anonymous_1)","decl":{"start":{"line":4,"column":28},"end":{"line":4,"column":43}},"loc":{"start":{"line":4,"column":43},"end":{"line":13,"column":null}},"line":4},"2":{"name":"(anonymous_2)","decl":{"start":{"line":15,"column":2},"end":{"line":15,"column":18}},"loc":{"start":{"line":15,"column":18},"end":{"line":17,"column":6}},"line":15}},"branchMap":{"0":{"loc":{"start":{"line":7,"column":32},"end":{"line":7,"column":74}},"type":"binary-expr","locations":[{"start":{"line":7,"column":32},"end":{"line":7,"column":57}},{"start":{"line":7,"column":61},"end":{"line":7,"column":74}}],"line":7}},"s":{"0":1,"1":56,"2":16,"3":16,"4":15,"5":16,"6":56,"7":20,"8":56},"f":{"0":56,"1":16,"2":20},"b":{"0":[16,15]},"meta":{"lastBranch":1,"lastFunction":3,"lastStatement":9,"seen":{"s:3:13:19:Infinity":0,"f:3:13:3:32":0,"s:4:16:13:Infinity":1,"f:4:28:4:43":1,"s:6:4:9:Infinity":2,"s:7:6:7:Infinity":3,"b:7:32:7:57:7:61:7:74":0,"s:9:6:9:Infinity":4,"s:12:4:12:Infinity":5,"s:15:2:17:Infinity":6,"f:15:2:15:18":2,"s:16:4:16:Infinity":7,"s:19:2:19:Infinity":8}}}
,"C:\\Users\\andre\\vscode\\Study\\React2026Q2\\rs-react-app\\src\\shared\\hooks\\use-pagination.ts": {"path":"C:\\Users\\andre\\vscode\\Study\\React2026Q2\\rs-react-app\\src\\shared\\hooks\\use-pagination.ts","statementMap":{"0":{"start":{"line":9,"column":13},"end":{"line":58,"column":null}},"1":{"start":{"line":13,"column":23},"end":{"line":13,"column":59}},"2":{"start":{"line":15,"column":8},"end":{"line":23,"column":45}},"3":{"start":{"line":16,"column":17},"end":{"line":16,"column":41}},"4":{"start":{"line":17,"column":23},"end":{"line":17,"column":null}},"5":{"start":{"line":19,"column":4},"end":{"line":20,"column":null}},"6":{"start":{"line":20,"column":6},"end":{"line":20,"column":null}},"7":{"start":{"line":22,"column":4},"end":{"line":22,"column":null}},"8":{"start":{"line":25,"column":8},"end":{"line":41,"column":null}},"9":{"start":{"line":27,"column":6},"end":{"line":27,"column":null}},"10":{"start":{"line":27,"column":41},"end":{"line":27,"column":null}},"11":{"start":{"line":29,"column":6},"end":{"line":39,"column":null}},"12":{"start":{"line":31,"column":10},"end":{"line":34,"column":null}},"13":{"start":{"line":32,"column":12},"end":{"line":32,"column":null}},"14":{"start":{"line":34,"column":12},"end":{"line":34,"column":null}},"15":{"start":{"line":36,"column":10},"end":{"line":36,"column":null}},"16":{"start":{"line":44,"column":8},"end":{"line":52,"column":23}},"17":{"start":{"line":45,"column":4},"end":{"line":51,"column":null}},"18":{"start":{"line":47,"column":8},"end":{"line":47,"column":null}},"19":{"start":{"line":48,"column":8},"end":{"line":48,"column":null}},"20":{"start":{"line":54,"column":2},"end":{"line":58,"column":null}}},"fnMap":{"0":{"name":"(anonymous_0)","decl":{"start":{"line":9,"column":13},"end":{"line":9,"column":30}},"loc":{"start":{"line":12,"column":26},"end":{"line":58,"column":null}},"line":12},"1":{"name":"(anonymous_1)","decl":{"start":{"line":15,"column":22},"end":{"line":15,"column":36}},"loc":{"start":{"line":15,"column":36},"end":{"line":23,"column":6}},"line":15},"2":{"name":"(anonymous_2)","decl":{"start":{"line":25,"column":18},"end":{"line":25,"column":null}},"loc":{"start":{"line":26,"column":22},"end":{"line":41,"column":5}},"line":26},"3":{"name":"(anonymous_3)","decl":{"start":{"line":29,"column":6},"end":{"line":29,"column":null}},"loc":{"start":{"line":30,"column":20},"end":{"line":38,"column":10}},"line":30},"4":{"name":"(anonymous_4)","decl":{"start":{"line":44,"column":20},"end":{"line":44,"column":38}},"loc":{"start":{"line":44,"column":38},"end":{"line":52,"column":6}},"line":44},"5":{"name":"(anonymous_5)","decl":{"start":{"line":45,"column":4},"end":{"line":45,"column":null}},"loc":{"start":{"line":46,"column":18},"end":{"line":50,"column":8}},"line":46}},"branchMap":{"0":{"loc":{"start":{"line":11,"column":2},"end":{"line":11,"column":null}},"type":"default-arg","locations":[{"start":{"line":11,"column":16},"end":{"line":11,"column":null}}],"line":11},"1":{"loc":{"start":{"line":17,"column":23},"end":{"line":17,"column":null}},"type":"cond-expr","locations":[{"start":{"line":17,"column":30},"end":{"line":17,"column":48}},{"start":{"line":17,"column":51},"end":{"line":17,"column":null}}],"line":17},"2":{"loc":{"start":{"line":19,"column":4},"end":{"line":20,"column":null}},"type":"if","locations":[{"start":{"line":19,"column":4},"end":{"line":20,"column":null}},{"start":{},"end":{}}],"line":19},"3":{"loc":{"start":{"line":19,"column":8},"end":{"line":19,"column":72}},"type":"binary-expr","locations":[{"start":{"line":19,"column":8},"end":{"line":19,"column":25}},{"start":{"line":19,"column":29},"end":{"line":19,"column":47}},{"start":{"line":19,"column":47},"end":{"line":19,"column":72}}],"line":19},"4":{"loc":{"start":{"line":27,"column":6},"end":{"line":27,"column":null}},"type":"if","locations":[{"start":{"line":27,"column":6},"end":{"line":27,"column":null}},{"start":{},"end":{}}],"line":27},"5":{"loc":{"start":{"line":27,"column":10},"end":{"line":27,"column":41}},"type":"binary-expr","locations":[{"start":{"line":27,"column":10},"end":{"line":27,"column":22}},{"start":{"line":27,"column":22},"end":{"line":27,"column":41}}],"line":27},"6":{"loc":{"start":{"line":31,"column":10},"end":{"line":34,"column":null}},"type":"if","locations":[{"start":{"line":31,"column":10},"end":{"line":34,"column":null}},{"start":{"line":33,"column":17},"end":{"line":34,"column":null}}],"line":31}},"s":{"0":1,"1":56,"2":56,"3":36,"4":36,"5":36,"6":19,"7":17,"8":56,"9":1,"10":0,"11":1,"12":1,"13":0,"14":1,"15":1,"16":56,"17":0,"18":0,"19":0,"20":56},"f":{"0":56,"1":36,"2":1,"3":1,"4":0,"5":0},"b":{"0":[56],"1":[1,35],"2":[19,17],"3":[36,36,36],"4":[0,1],"5":[1,1],"6":[0,1]},"meta":{"lastBranch":7,"lastFunction":6,"lastStatement":21,"seen":{"s:9:13:58:Infinity":0,"f:9:13:9:30":0,"b:11:16:11:Infinity":0,"s:13:23:13:59":1,"s:15:8:23:45":2,"f:15:22:15:36":1,"s:16:17:16:41":3,"s:17:23:17:Infinity":4,"b:17:30:17:48:17:51:17:Infinity":1,"b:19:4:20:Infinity:undefined:undefined:undefined:undefined":2,"s:19:4:20:Infinity":5,"b:19:8:19:25:19:29:19:47:19:47:19:72":3,"s:20:6:20:Infinity":6,"s:22:4:22:Infinity":7,"s:25:8:41:Infinity":8,"f:25:18:25:Infinity":2,"b:27:6:27:Infinity:undefined:undefined:undefined:undefined":4,"s:27:6:27:Infinity":9,"b:27:10:27:22:27:22:27:41":5,"s:27:41:27:Infinity":10,"s:29:6:39:Infinity":11,"f:29:6:29:Infinity":3,"b:31:10:34:Infinity:33:17:34:Infinity":6,"s:31:10:34:Infinity":12,"s:32:12:32:Infinity":13,"s:34:12:34:Infinity":14,"s:36:10:36:Infinity":15,"s:44:8:52:23":16,"f:44:20:44:38":4,"s:45:4:51:Infinity":17,"f:45:4:45:Infinity":5,"s:47:8:47:Infinity":18,"s:48:8:48:Infinity":19,"s:54:2:58:Infinity":20}}}
,"C:\\Users\\andre\\vscode\\Study\\React2026Q2\\rs-react-app\\src\\shared\\types\\data.ts": {"path":"C:\\Users\\andre\\vscode\\Study\\React2026Q2\\rs-react-app\\src\\shared\\types\\data.ts","statementMap":{},"fnMap":{},"branchMap":{},"s":{},"f":{},"b":{},"meta":{"lastBranch":0,"lastFunction":0,"lastStatement":0,"seen":{}}}
,"C:\\Users\\andre\\vscode\\Study\\React2026Q2\\rs-react-app\\src\\shared\\types\\index.ts": {"path":"C:\\Users\\andre\\vscode\\Study\\React2026Q2\\rs-react-app\\src\\shared\\types\\index.ts","statementMap":{},"fnMap":{},"branchMap":{},"s":{},"f":{},"b":{},"meta":{"lastBranch":0,"lastFunction":0,"lastStatement":0,"seen":{}}}
,"C:\\Users\\andre\\vscode\\Study\\React2026Q2\\rs-react-app\\src\\shared\\ui\\button.tsx": {"path":"C:\\Users\\andre\\vscode\\Study\\React2026Q2\\rs-react-app\\src\\shared\\ui\\button.tsx","statementMap":{"0":{"start":{"line":7,"column":13},"end":{"line":23,"column":null}},"1":{"start":{"line":8,"column":2},"end":{"line":23,"column":null}}},"fnMap":{"0":{"name":"(anonymous_0)","decl":{"start":{"line":7,"column":13},"end":{"line":7,"column":23}},"loc":{"start":{"line":7,"column":79},"end":{"line":23,"column":null}},"line":7}},"branchMap":{"0":{"loc":{"start":{"line":7,"column":35},"end":{"line":7,"column":51}},"type":"default-arg","locations":[{"start":{"line":7,"column":47},"end":{"line":7,"column":51}}],"line":7}},"s":{"0":2,"1":153},"f":{"0":153},"b":{"0":[153]},"meta":{"lastBranch":1,"lastFunction":1,"lastStatement":2,"seen":{"s:7:13:23:Infinity":0,"f:7:13:7:23":0,"b:7:47:7:51":0,"s:8:2:23:Infinity":1}}}
,"C:\\Users\\andre\\vscode\\Study\\React2026Q2\\rs-react-app\\src\\shared\\ui\\index.ts": {"path":"C:\\Users\\andre\\vscode\\Study\\React2026Q2\\rs-react-app\\src\\shared\\ui\\index.ts","statementMap":{},"fnMap":{},"branchMap":{},"s":{},"f":{},"b":{},"meta":{"lastBranch":0,"lastFunction":0,"lastStatement":0,"seen":{}}}
,"C:\\Users\\andre\\vscode\\Study\\React2026Q2\\rs-react-app\\src\\shared\\ui\\loader.tsx": {"path":"C:\\Users\\andre\\vscode\\Study\\React2026Q2\\rs-react-app\\src\\shared\\ui\\loader.tsx","statementMap":{"0":{"start":{"line":1,"column":13},"end":{"line":13,"column":null}},"1":{"start":{"line":2,"column":2},"end":{"line":13,"column":null}}},"fnMap":{"0":{"name":"(anonymous_0)","decl":{"start":{"line":1,"column":13},"end":{"line":1,"column":28}},"loc":{"start":{"line":1,"column":28},"end":{"line":13,"column":null}},"line":1}},"branchMap":{},"s":{"0":2,"1":26},"f":{"0":26},"b":{},"meta":{"lastBranch":0,"lastFunction":1,"lastStatement":2,"seen":{"s:1:13:13:Infinity":0,"f:1:13:1:28":0,"s:2:2:13:Infinity":1}}}
,"C:\\Users\\andre\\vscode\\Study\\React2026Q2\\rs-react-app\\src\\shared\\ui\\pagination.tsx": {"path":"C:\\Users\\andre\\vscode\\Study\\React2026Q2\\rs-react-app\\src\\shared\\ui\\pagination.tsx","statementMap":{"0":{"start":{"line":9,"column":13},"end":{"line":62,"column":null}},"1":{"start":{"line":14,"column":2},"end":{"line":14,"column":null}},"2":{"start":{"line":14,"column":23},"end":{"line":14,"column":null}},"3":{"start":{"line":16,"column":8},"end":{"line":33,"column":31}},"4":{"start":{"line":17,"column":18},"end":{"line":17,"column":null}},"5":{"start":{"line":18,"column":39},"end":{"line":18,"column":41}},"6":{"start":{"line":20,"column":4},"end":{"line":28,"column":null}},"7":{"start":{"line":20,"column":17},"end":{"line":20,"column":20}},"8":{"start":{"line":21,"column":6},"end":{"line":28,"column":null}},"9":{"start":{"line":26,"column":8},"end":{"line":26,"column":null}},"10":{"start":{"line":27,"column":17},"end":{"line":28,"column":null}},"11":{"start":{"line":28,"column":8},"end":{"line":28,"column":null}},"12":{"start":{"line":32,"column":4},"end":{"line":32,"column":null}},"13":{"start":{"line":35,"column":8},"end":{"line":38,"column":null}},"14":{"start":{"line":36,"column":4},"end":{"line":38,"column":null}},"15":{"start":{"line":37,"column":6},"end":{"line":37,"column":null}},"16":{"start":{"line":38,"column":6},"end":{"line":38,"column":null}},"17":{"start":{"line":42,"column":2},"end":{"line":62,"column":null}},"18":{"start":{"line":45,"column":8},"end":{"line":60,"column":null}},"19":{"start":{"line":47,"column":25},"end":{"line":47,"column":75}}},"fnMap":{"0":{"name":"(anonymous_0)","decl":{"start":{"line":9,"column":13},"end":{"line":9,"column":27}},"loc":{"start":{"line":13,"column":23},"end":{"line":62,"column":null}},"line":13},"1":{"name":"(anonymous_1)","decl":{"start":{"line":16,"column":23},"end":{"line":16,"column":37}},"loc":{"start":{"line":16,"column":37},"end":{"line":33,"column":6}},"line":16},"2":{"name":"(anonymous_2)","decl":{"start":{"line":35,"column":8},"end":{"line":35,"column":28}},"loc":{"start":{"line":35,"column":45},"end":{"line":38,"column":null}},"line":35},"3":{"name":"(anonymous_3)","decl":{"start":{"line":44,"column":20},"end":{"line":44,"column":25}},"loc":{"start":{"line":45,"column":8},"end":{"line":60,"column":null}},"line":45},"4":{"name":"(anonymous_4)","decl":{"start":{"line":47,"column":10},"end":{"line":47,"column":25}},"loc":{"start":{"line":47,"column":25},"end":{"line":47,"column":75}},"line":47}},"branchMap":{"0":{"loc":{"start":{"line":14,"column":2},"end":{"line":14,"column":null}},"type":"if","locations":[{"start":{"line":14,"column":2},"end":{"line":14,"column":null}},{"start":{},"end":{}}],"line":14},"1":{"loc":{"start":{"line":21,"column":6},"end":{"line":28,"column":null}},"type":"if","locations":[{"start":{"line":21,"column":6},"end":{"line":28,"column":null}},{"start":{"line":27,"column":17},"end":{"line":28,"column":null}}],"line":21},"2":{"loc":{"start":{"line":22,"column":8},"end":{"line":24,"column":null}},"type":"binary-expr","locations":[{"start":{"line":22,"column":8},"end":{"line":22,"column":null}},{"start":{"line":23,"column":8},"end":{"line":23,"column":null}},{"start":{"line":24,"column":9},"end":{"line":24,"column":37}},{"start":{"line":24,"column":37},"end":{"line":24,"column":null}}],"line":22},"3":{"loc":{"start":{"line":27,"column":17},"end":{"line":28,"column":null}},"type":"if","locations":[{"start":{"line":27,"column":17},"end":{"line":28,"column":null}},{"start":{},"end":{}}],"line":27},"4":{"loc":{"start":{"line":36,"column":4},"end":{"line":38,"column":null}},"type":"if","locations":[{"start":{"line":36,"column":4},"end":{"line":38,"column":null}},{"start":{},"end":{}}],"line":36},"5":{"loc":{"start":{"line":36,"column":8},"end":{"line":36,"column":65}},"type":"binary-expr","locations":[{"start":{"line":36,"column":8},"end":{"line":36,"column":32}},{"start":{"line":36,"column":32},"end":{"line":36,"column":45}},{"start":{"line":36,"column":45},"end":{"line":36,"column":65}}],"line":36},"6":{"loc":{"start":{"line":47,"column":25},"end":{"line":47,"column":75}},"type":"binary-expr","locations":[{"start":{"line":47,"column":25},"end":{"line":47,"column":53}},{"start":{"line":47,"column":53},"end":{"line":47,"column":75}}],"line":47},"7":{"loc":{"start":{"line":52,"column":14},"end":{"line":54,"column":null}},"type":"cond-expr","locations":[{"start":{"line":53,"column":18},"end":{"line":53,"column":null}},{"start":{"line":54,"column":18},"end":{"line":54,"column":null}}],"line":52},"8":{"loc":{"start":{"line":56,"column":14},"end":{"line":56,"column":null}},"type":"cond-expr","locations":[{"start":{"line":56,"column":31},"end":{"line":56,"column":69}},{"start":{"line":56,"column":69},"end":{"line":56,"column":null}}],"line":56}},"s":{"0":1,"1":55,"2":36,"3":19,"4":10,"5":10,"6":10,"7":10,"8":30,"9":30,"10":0,"11":0,"12":10,"13":19,"14":1,"15":1,"16":1,"17":19,"18":57,"19":1},"f":{"0":55,"1":10,"2":1,"3":57,"4":1},"b":{"0":[36,19],"1":[30,0],"2":[30,20,10,10],"3":[0,0],"4":[1,0],"5":[1,1,1],"6":[1,1],"7":[19,38],"8":[0,57]},"meta":{"lastBranch":9,"lastFunction":5,"lastStatement":20,"seen":{"s:9:13:62:Infinity":0,"f:9:13:9:27":0,"b:14:2:14:Infinity:undefined:undefined:undefined:undefined":0,"s:14:2:14:Infinity":1,"s:14:23:14:Infinity":2,"s:16:8:33:31":3,"f:16:23:16:37":1,"s:17:18:17:Infinity":4,"s:18:39:18:41":5,"s:20:4:28:Infinity":6,"s:20:17:20:20":7,"b:21:6:28:Infinity:27:17:28:Infinity":1,"s:21:6:28:Infinity":8,"b:22:8:22:Infinity:23:8:23:Infinity:24:9:24:37:24:37:24:Infinity":2,"s:26:8:26:Infinity":9,"b:27:17:28:Infinity:undefined:undefined:undefined:undefined":3,"s:27:17:28:Infinity":10,"s:28:8:28:Infinity":11,"s:32:4:32:Infinity":12,"s:35:8:38:Infinity":13,"f:35:8:35:28":2,"b:36:4:38:Infinity:undefined:undefined:undefined:undefined":4,"s:36:4:38:Infinity":14,"b:36:8:36:32:36:32:36:45:36:45:36:65":5,"s:37:6:37:Infinity":15,"s:38:6:38:Infinity":16,"s:42:2:62:Infinity":17,"f:44:20:44:25":3,"s:45:8:60:Infinity":18,"f:47:10:47:25":4,"s:47:25:47:75":19,"b:47:25:47:53:47:53:47:75":6,"b:53:18:53:Infinity:54:18:54:Infinity":7,"b:56:31:56:69:56:69:56:Infinity":8}}}
,"C:\\Users\\andre\\vscode\\Study\\React2026Q2\\rs-react-app\\src\\shared\\ui\\search.tsx": {"path":"C:\\Users\\andre\\vscode\\Study\\React2026Q2\\rs-react-app\\src\\shared\\ui\\search.tsx","statementMap":{"0":{"start":{"line":11,"column":13},"end":{"line":46,"column":null}},"1":{"start":{"line":18,"column":8},"end":{"line":19,"column":null}},"2":{"start":{"line":19,"column":4},"end":{"line":19,"column":null}},"3":{"start":{"line":22,"column":8},"end":{"line":24,"column":null}},"4":{"start":{"line":23,"column":4},"end":{"line":24,"column":null}},"5":{"start":{"line":24,"column":6},"end":{"line":24,"column":null}},"6":{"start":{"line":27,"column":2},"end":{"line":46,"column":null}}},"fnMap":{"0":{"name":"(anonymous_0)","decl":{"start":{"line":11,"column":13},"end":{"line":11,"column":23}},"loc":{"start":{"line":17,"column":19},"end":{"line":46,"column":null}},"line":17},"1":{"name":"(anonymous_1)","decl":{"start":{"line":18,"column":8},"end":{"line":18,"column":24}},"loc":{"start":{"line":18,"column":61},"end":{"line":19,"column":null}},"line":18},"2":{"name":"(anonymous_2)","decl":{"start":{"line":22,"column":8},"end":{"line":22,"column":25}},"loc":{"start":{"line":22,"column":64},"end":{"line":24,"column":null}},"line":22}},"branchMap":{"0":{"loc":{"start":{"line":13,"column":2},"end":{"line":13,"column":null}},"type":"default-arg","locations":[{"start":{"line":13,"column":16},"end":{"line":13,"column":null}}],"line":13},"1":{"loc":{"start":{"line":14,"column":2},"end":{"line":14,"column":null}},"type":"default-arg","locations":[{"start":{"line":14,"column":13},"end":{"line":14,"column":null}}],"line":14},"2":{"loc":{"start":{"line":23,"column":4},"end":{"line":24,"column":null}},"type":"if","locations":[{"start":{"line":23,"column":4},"end":{"line":24,"column":null}},{"start":{},"end":{}}],"line":23}},"s":{"0":2,"1":95,"2":39,"3":95,"4":44,"5":5,"6":95},"f":{"0":95,"1":39,"2":44},"b":{"0":[95],"1":[95],"2":[5,39]},"meta":{"lastBranch":3,"lastFunction":3,"lastStatement":7,"seen":{"s:11:13:46:Infinity":0,"f:11:13:11:23":0,"b:13:16:13:Infinity":0,"b:14:13:14:Infinity":1,"s:18:8:19:Infinity":1,"f:18:8:18:24":1,"s:19:4:19:Infinity":2,"s:22:8:24:Infinity":3,"f:22:8:22:25":2,"b:23:4:24:Infinity:undefined:undefined:undefined:undefined":2,"s:23:4:24:Infinity":4,"s:24:6:24:Infinity":5,"s:27:2:46:Infinity":6}}}
}
